2016-11-09 15:28:48.906 INFO  com.alibaba.druid.pool.DruidDataSource - {dataSource-1} inited
2016-11-09 15:28:50.078 INFO  com.alibaba.druid.pool.DruidDataSource - {dataSource-2} inited
2016-11-09 15:28:50.593 INFO  com.alibaba.druid.pool.DruidDataSource - {dataSource-3} inited
2016-11-09 15:28:50.843 INFO  com.alibaba.druid.pool.DruidDataSource - {dataSource-4} inited
2016-11-09 15:28:50.968 INFO  cn.yunsenlin.web.base.service.Impl.VolumeCalculate.LogVolumeCalculateServiceImplTest - 正在测试每个木材积计算器
2016-11-09 15:28:50.968 INFO  cn.yunsenlin.web.base.service.Impl.VolumeCalculate.LogVolumeCalculateServiceImplTest - 正在测试原木木材积计算器
2016-11-09 15:28:51.093 INFO  com.alibaba.druid.pool.DruidDataSource - {dataSource-5} inited
2016-11-09 15:28:51.234 INFO  com.alibaba.druid.pool.DruidDataSource - {dataSource-2} closed
2016-11-09 15:29:34.380 INFO  com.alibaba.druid.pool.DruidDataSource - {dataSource-1} inited
2016-11-09 15:29:35.505 INFO  com.alibaba.druid.pool.DruidDataSource - {dataSource-2} inited
2016-11-09 15:29:35.880 INFO  com.alibaba.druid.pool.DruidDataSource - {dataSource-2} closed
2016-11-09 15:29:44.725 INFO  com.alibaba.druid.pool.DruidDataSource - {dataSource-1} inited
2016-11-09 15:29:45.803 INFO  com.alibaba.druid.pool.DruidDataSource - {dataSource-2} inited
2016-11-09 15:29:46.241 INFO  com.alibaba.druid.pool.DruidDataSource - {dataSource-3} inited
2016-11-09 15:29:46.522 INFO  com.alibaba.druid.pool.DruidDataSource - {dataSource-4} inited
2016-11-09 15:29:46.662 INFO  cn.yunsenlin.web.base.service.Impl.VolumeCalculate.LogVolumeCalculateServiceImplTest - 正在测试每个木材积计算器
2016-11-09 15:29:46.662 INFO  cn.yunsenlin.web.base.service.Impl.VolumeCalculate.LogVolumeCalculateServiceImplTest - 正在测试原木木材积计算器
2016-11-09 15:29:46.803 INFO  com.alibaba.druid.pool.DruidDataSource - {dataSource-5} inited
2016-11-09 15:29:46.991 INFO  com.alibaba.druid.pool.DruidDataSource - {dataSource-2} closed
2016-11-09 15:31:08.264 INFO  com.alibaba.druid.pool.DruidDataSource - {dataSource-1} inited
2016-11-09 15:31:09.342 INFO  com.alibaba.druid.pool.DruidDataSource - {dataSource-2} inited
2016-11-09 15:31:09.873 INFO  com.alibaba.druid.pool.DruidDataSource - {dataSource-3} inited
2016-11-09 15:31:10.170 INFO  com.alibaba.druid.pool.DruidDataSource - {dataSource-4} inited
2016-11-09 15:31:10.295 INFO  cn.yunsenlin.web.base.service.Impl.VolumeCalculate.LogVolumeCalculateServiceImplTest - 正在测试每个木材积计算器
2016-11-09 15:31:10.295 INFO  cn.yunsenlin.web.base.service.Impl.VolumeCalculate.LogVolumeCalculateServiceImplTest - 正在测试原木木材积计算器
2016-11-09 15:31:10.295 INFO  cn.yunsenlin.web.base.service.Impl.VolumeCalculate.LogVolumeCalculateServiceImplTest - 原木木材积计算器测试结束
2016-11-09 15:31:10.436 INFO  com.alibaba.druid.pool.DruidDataSource - {dataSource-5} inited
2016-11-09 15:31:10.561 INFO  com.alibaba.druid.pool.DruidDataSource - {dataSource-2} closed
2016-11-09 15:31:16.014 INFO  com.alibaba.druid.pool.DruidDataSource - {dataSource-1} inited
2016-11-09 15:37:43.686 INFO  com.alibaba.druid.pool.DruidDataSource - {dataSource-1} inited
2016-11-09 15:37:44.772 INFO  com.alibaba.druid.pool.DruidDataSource - {dataSource-2} inited
2016-11-09 15:37:45.174 INFO  com.alibaba.druid.pool.DruidDataSource - {dataSource-3} inited
2016-11-09 15:37:45.462 INFO  com.alibaba.druid.pool.DruidDataSource - {dataSource-4} inited
2016-11-09 15:37:45.580 INFO  cn.yunsenlin.web.base.service.Impl.VolumeCalculate.LogVolumeCalculateServiceImplTest - 正在测试每个木材积计算器
2016-11-09 15:37:45.580 INFO  cn.yunsenlin.web.base.service.Impl.VolumeCalculate.LogVolumeCalculateServiceImplTest - 正在测试原木木材积计算器
2016-11-09 15:37:45.580 INFO  cn.yunsenlin.web.base.service.Impl.VolumeCalculate.LogVolumeCalculateServiceImplTest - 原木木材积计算器测试结束
2016-11-09 15:37:45.710 INFO  com.alibaba.druid.pool.DruidDataSource - {dataSource-5} inited
2016-11-09 15:37:45.836 INFO  com.alibaba.druid.pool.DruidDataSource - {dataSource-2} closed
2016-11-09 15:37:50.586 INFO  com.alibaba.druid.pool.DruidDataSource - {dataSource-1} inited
2016-11-09 15:39:18.954 INFO  com.alibaba.druid.pool.DruidDataSource - {dataSource-1} inited
2016-11-09 15:39:19.905 INFO  com.alibaba.druid.pool.DruidDataSource - {dataSource-2} inited
2016-11-09 15:39:20.347 INFO  com.alibaba.druid.pool.DruidDataSource - {dataSource-3} inited
2016-11-09 15:39:20.614 INFO  com.alibaba.druid.pool.DruidDataSource - {dataSource-4} inited
2016-11-09 15:39:20.739 INFO  cn.yunsenlin.web.base.service.Impl.VolumeCalculate.LogVolumeCalculateServiceImplTest - 正在测试每个木材积计算器
2016-11-09 15:39:20.740 INFO  cn.yunsenlin.web.base.service.Impl.VolumeCalculate.LogVolumeCalculateServiceImplTest - 正在测试原木木材积计算器
2016-11-09 15:39:20.740 INFO  cn.yunsenlin.web.base.service.Impl.VolumeCalculate.LogVolumeCalculateServiceImplTest - 原木木材积计算器测试结束
2016-11-09 15:39:20.854 INFO  com.alibaba.druid.pool.DruidDataSource - {dataSource-5} inited
2016-11-09 15:39:21.004 INFO  com.alibaba.druid.pool.DruidDataSource - {dataSource-2} closed
2016-11-09 15:39:26.185 INFO  com.alibaba.druid.pool.DruidDataSource - {dataSource-1} inited
2016-11-09 15:45:13.870 INFO  com.alibaba.druid.pool.DruidDataSource - {dataSource-1} inited
2016-11-09 15:45:14.889 INFO  com.alibaba.druid.pool.DruidDataSource - {dataSource-2} inited
2016-11-09 15:45:15.289 INFO  com.alibaba.druid.pool.DruidDataSource - {dataSource-3} inited
2016-11-09 15:45:15.554 INFO  com.alibaba.druid.pool.DruidDataSource - {dataSource-4} inited
2016-11-09 15:45:15.664 INFO  cn.yunsenlin.web.base.service.Impl.VolumeCalculate.LogVolumeCalculateServiceImplTest - 正在测试每个木材积计算器
2016-11-09 15:45:15.665 INFO  cn.yunsenlin.web.base.service.Impl.VolumeCalculate.LogVolumeCalculateServiceImplTest - 正在测试原木木材积计算器
2016-11-09 15:45:15.665 INFO  cn.yunsenlin.web.base.service.Impl.VolumeCalculate.LogVolumeCalculateServiceImplTest - 原木木材积计算器测试结束
2016-11-09 15:45:15.788 INFO  com.alibaba.druid.pool.DruidDataSource - {dataSource-5} inited
2016-11-09 15:45:15.919 INFO  com.alibaba.druid.pool.DruidDataSource - {dataSource-2} closed
2016-11-09 15:45:20.825 INFO  com.alibaba.druid.pool.DruidDataSource - {dataSource-1} inited
2016-11-09 15:46:01.985 INFO  com.alibaba.druid.pool.DruidDataSource - {dataSource-1} inited
2016-11-09 15:46:02.962 INFO  com.alibaba.druid.pool.DruidDataSource - {dataSource-2} inited
2016-11-09 15:46:03.419 INFO  com.alibaba.druid.pool.DruidDataSource - {dataSource-3} inited
2016-11-09 15:46:03.721 INFO  com.alibaba.druid.pool.DruidDataSource - {dataSource-4} inited
2016-11-09 15:46:03.828 INFO  cn.yunsenlin.web.base.service.Impl.VolumeCalculate.LogVolumeCalculateServiceImplTest - 正在测试每个木材积计算器
2016-11-09 15:46:03.828 INFO  cn.yunsenlin.web.base.service.Impl.VolumeCalculate.LogVolumeCalculateServiceImplTest - 正在测试原木木材积计算器
2016-11-09 15:46:03.829 INFO  cn.yunsenlin.web.base.service.Impl.VolumeCalculate.LogVolumeCalculateServiceImplTest - 原木木材积计算器测试结束
2016-11-09 15:46:03.965 INFO  com.alibaba.druid.pool.DruidDataSource - {dataSource-5} inited
2016-11-09 15:46:04.127 INFO  com.alibaba.druid.pool.DruidDataSource - {dataSource-2} closed
2016-11-09 15:46:09.030 INFO  com.alibaba.druid.pool.DruidDataSource - {dataSource-1} inited
2016-11-09 15:48:21.286 INFO  com.alibaba.druid.pool.DruidDataSource - {dataSource-1} inited
2016-11-09 15:48:22.310 INFO  com.alibaba.druid.pool.DruidDataSource - {dataSource-2} inited
2016-11-09 15:48:22.756 INFO  com.alibaba.druid.pool.DruidDataSource - {dataSource-3} inited
2016-11-09 15:48:23.048 INFO  com.alibaba.druid.pool.DruidDataSource - {dataSource-4} inited
2016-11-09 15:48:23.177 INFO  cn.yunsenlin.web.base.service.Impl.VolumeCalculate.LogVolumeCalculateServiceImplTest - 正在测试每个木材积计算器
2016-11-09 15:48:23.177 INFO  cn.yunsenlin.web.base.service.Impl.VolumeCalculate.LogVolumeCalculateServiceImplTest - 正在测试原木木材积计算器
2016-11-09 15:48:23.178 INFO  cn.yunsenlin.web.base.service.Impl.VolumeCalculate.LogVolumeCalculateServiceImplTest - 原木木材积计算器测试结束
2016-11-09 15:48:23.317 INFO  com.alibaba.druid.pool.DruidDataSource - {dataSource-5} inited
2016-11-09 15:48:23.459 INFO  com.alibaba.druid.pool.DruidDataSource - {dataSource-2} closed
2016-11-09 15:48:28.334 INFO  com.alibaba.druid.pool.DruidDataSource - {dataSource-1} inited
2016-11-09 15:49:09.424 INFO  com.alibaba.druid.pool.DruidDataSource - {dataSource-1} inited
2016-11-09 15:49:10.409 INFO  com.alibaba.druid.pool.DruidDataSource - {dataSource-2} inited
2016-11-09 15:49:10.862 INFO  com.alibaba.druid.pool.DruidDataSource - {dataSource-3} inited
2016-11-09 15:49:11.134 INFO  com.alibaba.druid.pool.DruidDataSource - {dataSource-4} inited
2016-11-09 15:49:11.259 INFO  cn.yunsenlin.web.base.service.Impl.VolumeCalculate.LogVolumeCalculateServiceImplTest - 正在测试每个木材积计算器
2016-11-09 15:49:11.259 INFO  cn.yunsenlin.web.base.service.Impl.VolumeCalculate.LogVolumeCalculateServiceImplTest - 正在测试原木木材积计算器
2016-11-09 15:49:11.259 INFO  cn.yunsenlin.web.base.service.Impl.VolumeCalculate.LogVolumeCalculateServiceImplTest - 原木木材积计算器测试结束
2016-11-09 15:49:11.368 INFO  com.alibaba.druid.pool.DruidDataSource - {dataSource-5} inited
2016-11-09 15:49:11.514 INFO  com.alibaba.druid.pool.DruidDataSource - {dataSource-2} closed
2016-11-09 15:49:16.715 INFO  com.alibaba.druid.pool.DruidDataSource - {dataSource-1} inited
2016-11-09 15:50:44.871 INFO  com.alibaba.druid.pool.DruidDataSource - {dataSource-1} inited
2016-11-09 15:50:45.792 INFO  com.alibaba.druid.pool.DruidDataSource - {dataSource-2} inited
2016-11-09 15:50:46.229 INFO  com.alibaba.druid.pool.DruidDataSource - {dataSource-3} inited
2016-11-09 15:50:46.506 INFO  com.alibaba.druid.pool.DruidDataSource - {dataSource-4} inited
2016-11-09 15:50:46.634 INFO  cn.yunsenlin.web.base.service.Impl.VolumeCalculate.LogVolumeCalculateServiceImplTest - 正在测试每个木材积计算器
2016-11-09 15:50:46.635 INFO  cn.yunsenlin.web.base.service.Impl.VolumeCalculate.LogVolumeCalculateServiceImplTest - 正在测试原木木材积计算器
2016-11-09 15:50:46.635 INFO  cn.yunsenlin.web.base.service.Impl.VolumeCalculate.LogVolumeCalculateServiceImplTest - 原木木材积计算器测试结束
2016-11-09 15:50:46.745 INFO  com.alibaba.druid.pool.DruidDataSource - {dataSource-5} inited
2016-11-09 15:50:46.892 INFO  com.alibaba.druid.pool.DruidDataSource - {dataSource-2} closed
2016-11-09 15:50:51.778 INFO  com.alibaba.druid.pool.DruidDataSource - {dataSource-1} inited
2016-11-09 15:53:32.698 INFO  com.alibaba.druid.pool.DruidDataSource - {dataSource-1} inited
2016-11-09 15:53:33.699 INFO  com.alibaba.druid.pool.DruidDataSource - {dataSource-2} inited
2016-11-09 15:53:34.126 INFO  com.alibaba.druid.pool.DruidDataSource - {dataSource-3} inited
2016-11-09 15:53:34.411 INFO  com.alibaba.druid.pool.DruidDataSource - {dataSource-4} inited
2016-11-09 15:53:34.538 INFO  cn.yunsenlin.web.base.service.Impl.VolumeCalculate.LogVolumeCalculateServiceImplTest - 正在测试每个木材积计算器
2016-11-09 15:53:34.538 INFO  cn.yunsenlin.web.base.service.Impl.VolumeCalculate.LogVolumeCalculateServiceImplTest - 正在测试原木木材积计算器
2016-11-09 15:53:34.539 INFO  cn.yunsenlin.web.base.service.Impl.VolumeCalculate.LogVolumeCalculateServiceImplTest - 原木木材积计算器测试结束
2016-11-09 15:53:34.665 INFO  com.alibaba.druid.pool.DruidDataSource - {dataSource-5} inited
2016-11-09 15:53:34.793 INFO  com.alibaba.druid.pool.DruidDataSource - {dataSource-2} closed
2016-11-09 15:53:39.839 INFO  com.alibaba.druid.pool.DruidDataSource - {dataSource-1} inited
2016-11-09 15:55:42.581 INFO  com.alibaba.druid.pool.DruidDataSource - {dataSource-1} inited
2016-11-09 15:55:43.585 INFO  com.alibaba.druid.pool.DruidDataSource - {dataSource-2} inited
2016-11-09 15:55:44.019 INFO  com.alibaba.druid.pool.DruidDataSource - {dataSource-3} inited
2016-11-09 15:55:44.321 INFO  com.alibaba.druid.pool.DruidDataSource - {dataSource-4} inited
2016-11-09 15:55:44.440 INFO  cn.yunsenlin.web.base.service.Impl.VolumeCalculate.LogVolumeCalculateServiceImplTest - 正在测试每个木材积计算器
2016-11-09 15:55:44.440 INFO  cn.yunsenlin.web.base.service.Impl.VolumeCalculate.LogVolumeCalculateServiceImplTest - 正在测试原木木材积计算器
2016-11-09 15:55:44.440 INFO  cn.yunsenlin.web.base.service.Impl.VolumeCalculate.LogVolumeCalculateServiceImplTest - 原木木材积计算器测试结束
2016-11-09 15:55:44.574 INFO  com.alibaba.druid.pool.DruidDataSource - {dataSource-5} inited
2016-11-09 15:55:44.727 INFO  com.alibaba.druid.pool.DruidDataSource - {dataSource-2} closed
2016-11-09 15:55:49.665 INFO  com.alibaba.druid.pool.DruidDataSource - {dataSource-1} inited
2016-11-09 15:58:09.692 INFO  com.alibaba.druid.pool.DruidDataSource - {dataSource-1} inited
2016-11-09 15:58:10.683 INFO  com.alibaba.druid.pool.DruidDataSource - {dataSource-2} inited
2016-11-09 15:58:11.099 INFO  com.alibaba.druid.pool.DruidDataSource - {dataSource-3} inited
2016-11-09 15:58:11.377 INFO  com.alibaba.druid.pool.DruidDataSource - {dataSource-4} inited
2016-11-09 15:58:11.513 INFO  cn.yunsenlin.web.base.service.Impl.VolumeCalculate.LogVolumeCalculateServiceImplTest - 正在测试每个木材积计算器
2016-11-09 15:58:11.513 INFO  cn.yunsenlin.web.base.service.Impl.VolumeCalculate.LogVolumeCalculateServiceImplTest - 正在测试原木木材积计算器
2016-11-09 15:58:11.513 INFO  cn.yunsenlin.web.base.service.Impl.VolumeCalculate.LogVolumeCalculateServiceImplTest - 原木木材积计算器测试结束
2016-11-09 15:58:11.640 INFO  com.alibaba.druid.pool.DruidDataSource - {dataSource-5} inited
2016-11-09 15:58:11.775 INFO  com.alibaba.druid.pool.DruidDataSource - {dataSource-2} closed
2016-11-09 15:58:16.818 INFO  com.alibaba.druid.pool.DruidDataSource - {dataSource-1} inited
2016-11-09 15:58:20.237 INFO  cn.yunsenlin.web.base.controller.CalculateController - running length=11,diameter=20,typeCode=100002
2016-11-09 15:59:57.142 INFO  com.alibaba.druid.pool.DruidDataSource - {dataSource-1} inited
2016-11-09 15:59:58.131 INFO  com.alibaba.druid.pool.DruidDataSource - {dataSource-2} inited
2016-11-09 15:59:58.440 INFO  com.alibaba.druid.pool.DruidDataSource - {dataSource-2} closed
2016-11-09 16:01:08.454 INFO  com.alibaba.druid.pool.DruidDataSource - {dataSource-1} inited
2016-11-09 16:01:09.482 INFO  com.alibaba.druid.pool.DruidDataSource - {dataSource-2} inited
2016-11-09 16:01:09.712 INFO  com.alibaba.druid.pool.DruidDataSource - {dataSource-2} closed
2016-11-09 16:01:42.350 INFO  com.alibaba.druid.pool.DruidDataSource - {dataSource-1} inited
2016-11-09 16:01:43.384 INFO  com.alibaba.druid.pool.DruidDataSource - {dataSource-2} inited
2016-11-09 16:01:43.613 INFO  com.alibaba.druid.pool.DruidDataSource - {dataSource-2} closed
2016-11-09 16:02:03.699 INFO  com.alibaba.druid.pool.DruidDataSource - {dataSource-1} inited
2016-11-09 16:02:04.703 INFO  com.alibaba.druid.pool.DruidDataSource - {dataSource-2} inited
2016-11-09 16:02:04.949 INFO  com.alibaba.druid.pool.DruidDataSource - {dataSource-2} closed
2016-11-09 16:02:21.387 INFO  com.alibaba.druid.pool.DruidDataSource - {dataSource-1} inited
2016-11-09 16:02:22.375 INFO  com.alibaba.druid.pool.DruidDataSource - {dataSource-2} inited
2016-11-09 16:02:22.787 INFO  com.alibaba.druid.pool.DruidDataSource - {dataSource-3} inited
2016-11-09 16:02:23.028 INFO  com.alibaba.druid.pool.DruidDataSource - {dataSource-4} inited
2016-11-09 16:02:23.281 INFO  com.alibaba.druid.pool.DruidDataSource - {dataSource-5} inited
2016-11-09 16:02:23.401 INFO  cn.yunsenlin.web.base.service.Impl.VolumeCalculate.LogVolumeCalculateServiceImplTest - 正在测试每个木材积计算器
2016-11-09 16:02:23.401 INFO  cn.yunsenlin.web.base.service.Impl.VolumeCalculate.LogVolumeCalculateServiceImplTest - 正在测试原木木材积计算器
2016-11-09 16:02:23.401 INFO  cn.yunsenlin.web.base.service.Impl.VolumeCalculate.LogVolumeCalculateServiceImplTest - 原木木材积计算器测试结束
2016-11-09 16:02:23.517 INFO  com.alibaba.druid.pool.DruidDataSource - {dataSource-6} inited
2016-11-09 16:02:23.638 INFO  com.alibaba.druid.pool.DruidDataSource - {dataSource-2} closed
2016-11-09 16:02:28.449 INFO  com.alibaba.druid.pool.DruidDataSource - {dataSource-1} inited
2016-11-09 16:02:29.951 INFO  cn.yunsenlin.web.base.controller.CalculateController - running length=11,diameter=20,typeCode=100002
2016-11-09 16:02:31.394 INFO  cn.yunsenlin.web.base.controller.CalculateController - running length=11,diameter=20,typeCode=100002
2016-11-09 16:02:43.685 INFO  cn.yunsenlin.web.base.controller.CalculateController - running length=11,diameter=20,typeCode=100002
2016-11-09 16:02:44.422 INFO  cn.yunsenlin.web.base.controller.CalculateController - running length=11,diameter=20,typeCode=100002
2016-11-09 16:02:45.403 INFO  cn.yunsenlin.web.base.controller.CalculateController - running length=11,diameter=20,typeCode=100002
2016-11-09 16:03:04.020 INFO  com.alibaba.druid.pool.DruidDataSource - {dataSource-1} inited
2016-11-09 16:03:04.982 INFO  com.alibaba.druid.pool.DruidDataSource - {dataSource-2} inited
2016-11-09 16:03:05.448 INFO  com.alibaba.druid.pool.DruidDataSource - {dataSource-3} inited
2016-11-09 16:03:05.723 INFO  com.alibaba.druid.pool.DruidDataSource - {dataSource-4} inited
2016-11-09 16:03:05.963 INFO  com.alibaba.druid.pool.DruidDataSource - {dataSource-5} inited
2016-11-09 16:03:06.092 INFO  cn.yunsenlin.web.base.service.Impl.VolumeCalculate.LogVolumeCalculateServiceImplTest - 正在测试每个木材积计算器
2016-11-09 16:03:06.093 INFO  cn.yunsenlin.web.base.service.Impl.VolumeCalculate.LogVolumeCalculateServiceImplTest - 正在测试原木木材积计算器
2016-11-09 16:03:06.093 INFO  cn.yunsenlin.web.base.service.Impl.VolumeCalculate.LogVolumeCalculateServiceImplTest - 原木木材积计算器测试结束
2016-11-09 16:03:06.202 INFO  com.alibaba.druid.pool.DruidDataSource - {dataSource-6} inited
2016-11-09 16:03:06.349 INFO  com.alibaba.druid.pool.DruidDataSource - {dataSource-2} closed
2016-11-09 16:03:11.271 INFO  com.alibaba.druid.pool.DruidDataSource - {dataSource-1} inited
2016-11-09 16:03:14.775 INFO  cn.yunsenlin.web.base.controller.CalculateController - volumeCalculate running length=11,diameter=20,typeCode=100002
2016-11-09 16:03:35.215 INFO  cn.yunsenlin.web.base.controller.CalculateController - volumeCalculate running length=1.3,diameter=20,typeCode=100002
2016-11-09 16:32:57.668 INFO  com.alibaba.druid.pool.DruidDataSource - {dataSource-1} inited
2016-11-09 16:32:58.678 INFO  com.alibaba.druid.pool.DruidDataSource - {dataSource-2} inited
2016-11-09 16:32:59.154 INFO  com.alibaba.druid.pool.DruidDataSource - {dataSource-3} inited
2016-11-09 16:32:59.427 INFO  com.alibaba.druid.pool.DruidDataSource - {dataSource-4} inited
2016-11-09 16:32:59.692 INFO  com.alibaba.druid.pool.DruidDataSource - {dataSource-5} inited
2016-11-09 16:32:59.802 INFO  cn.yunsenlin.web.base.service.Impl.VolumeCalculate.LogVolumeCalculateServiceImplTest - 正在测试每个木材积计算器
2016-11-09 16:32:59.802 INFO  cn.yunsenlin.web.base.service.Impl.VolumeCalculate.LogVolumeCalculateServiceImplTest - 正在测试原木木材积计算器
2016-11-09 16:32:59.802 INFO  cn.yunsenlin.web.base.service.Impl.VolumeCalculate.LogVolumeCalculateServiceImplTest - 原木木材积计算器测试结束
2016-11-09 16:32:59.907 INFO  com.alibaba.druid.pool.DruidDataSource - {dataSource-6} inited
2016-11-09 16:33:00.042 INFO  com.alibaba.druid.pool.DruidDataSource - {dataSource-2} closed
2016-11-09 16:33:05.045 INFO  com.alibaba.druid.pool.DruidDataSource - {dataSource-1} inited
2016-11-09 16:33:13.557 INFO  cn.yunsenlin.web.base.controller.CalculateController - volumeCalculate running length=1.3,diameter=20,typeCode=100002
2016-11-09 16:37:35.781 INFO  cn.yunsenlin.web.base.controller.CalculateController - volumeCalculate running length=1.3,diameter=20,typeCode=100002
2016-11-09 16:48:37.065 INFO  com.alibaba.druid.pool.DruidDataSource - {dataSource-1} inited
2016-11-09 16:48:38.072 INFO  com.alibaba.druid.pool.DruidDataSource - {dataSource-2} inited
2016-11-09 16:48:38.533 INFO  com.alibaba.druid.pool.DruidDataSource - {dataSource-3} inited
2016-11-09 16:48:38.816 INFO  com.alibaba.druid.pool.DruidDataSource - {dataSource-4} inited
2016-11-09 16:48:39.096 INFO  com.alibaba.druid.pool.DruidDataSource - {dataSource-5} inited
2016-11-09 16:48:39.223 INFO  cn.yunsenlin.web.base.service.Impl.VolumeCalculate.LogVolumeCalculateServiceImplTest - 正在测试每个木材积计算器
2016-11-09 16:48:39.223 INFO  cn.yunsenlin.web.base.service.Impl.VolumeCalculate.LogVolumeCalculateServiceImplTest - 正在测试原木木材积计算器
2016-11-09 16:48:39.223 INFO  cn.yunsenlin.web.base.service.Impl.VolumeCalculate.LogVolumeCalculateServiceImplTest - 原木木材积计算器测试结束
2016-11-09 16:48:39.339 INFO  com.alibaba.druid.pool.DruidDataSource - {dataSource-6} inited
2016-11-09 16:48:39.473 INFO  com.alibaba.druid.pool.DruidDataSource - {dataSource-2} closed
2016-11-09 16:48:44.439 INFO  com.alibaba.druid.pool.DruidDataSource - {dataSource-1} inited
2016-11-09 20:17:14.659 INFO  com.alibaba.druid.pool.DruidDataSource - {dataSource-1} inited
2016-11-09 20:17:18.150 INFO  com.alibaba.druid.pool.DruidDataSource - {dataSource-2} inited
2016-11-09 20:17:21.125 INFO  com.alibaba.druid.pool.DruidDataSource - {dataSource-3} inited
2016-11-09 20:17:23.318 INFO  com.alibaba.druid.pool.DruidDataSource - {dataSource-4} inited
2016-11-09 20:17:25.573 INFO  com.alibaba.druid.pool.DruidDataSource - {dataSource-5} inited
2016-11-09 20:17:25.721 INFO  cn.yunsenlin.web.base.service.Impl.VolumeCalculate.LogVolumeCalculateServiceImplTest - 正在测试每个木材积计算器
2016-11-09 20:17:25.721 INFO  cn.yunsenlin.web.base.service.Impl.VolumeCalculate.LogVolumeCalculateServiceImplTest - 正在测试原木木材积计算器
2016-11-09 20:17:25.721 INFO  cn.yunsenlin.web.base.service.Impl.VolumeCalculate.LogVolumeCalculateServiceImplTest - 原木木材积计算器测试结束
2016-11-09 20:17:27.429 INFO  com.alibaba.druid.pool.DruidDataSource - {dataSource-6} inited
2016-11-09 20:17:27.547 INFO  com.alibaba.druid.pool.DruidDataSource - {dataSource-2} closed
2016-11-09 20:17:35.251 INFO  com.alibaba.druid.pool.DruidDataSource - {dataSource-1} inited
2016-11-09 20:19:45.868 INFO  com.alibaba.druid.pool.DruidDataSource - {dataSource-1} inited
2016-11-09 20:19:48.746 INFO  com.alibaba.druid.pool.DruidDataSource - {dataSource-2} inited
2016-11-09 20:19:51.514 INFO  com.alibaba.druid.pool.DruidDataSource - {dataSource-3} inited
2016-11-09 20:19:53.674 INFO  com.alibaba.druid.pool.DruidDataSource - {dataSource-4} inited
2016-11-09 20:19:55.956 INFO  com.alibaba.druid.pool.DruidDataSource - {dataSource-5} inited
2016-11-09 20:19:56.102 INFO  cn.yunsenlin.web.base.service.Impl.VolumeCalculate.LogVolumeCalculateServiceImplTest - 正在测试每个木材积计算器
2016-11-09 20:19:56.103 INFO  cn.yunsenlin.web.base.service.Impl.VolumeCalculate.LogVolumeCalculateServiceImplTest - 正在测试原木木材积计算器
2016-11-09 20:19:56.103 INFO  cn.yunsenlin.web.base.service.Impl.VolumeCalculate.LogVolumeCalculateServiceImplTest - 原木木材积计算器测试结束
2016-11-09 20:19:57.875 INFO  com.alibaba.druid.pool.DruidDataSource - {dataSource-6} inited
2016-11-09 20:19:58.049 INFO  com.alibaba.druid.pool.DruidDataSource - {dataSource-2} closed
2016-11-09 20:20:06.428 INFO  com.alibaba.druid.pool.DruidDataSource - {dataSource-1} inited
2016-11-09 20:24:28.598 INFO  com.alibaba.druid.pool.DruidDataSource - {dataSource-1} inited
2016-11-09 20:24:32.048 INFO  com.alibaba.druid.pool.DruidDataSource - {dataSource-2} inited
2016-11-09 20:24:34.710 INFO  com.alibaba.druid.pool.DruidDataSource - {dataSource-3} inited
2016-11-09 20:24:36.791 INFO  com.alibaba.druid.pool.DruidDataSource - {dataSource-4} inited
2016-11-09 20:24:38.958 INFO  com.alibaba.druid.pool.DruidDataSource - {dataSource-5} inited
2016-11-09 20:24:39.080 INFO  cn.yunsenlin.web.base.service.Impl.VolumeCalculate.LogVolumeCalculateServiceImplTest - 正在测试每个木材积计算器
2016-11-09 20:24:39.080 INFO  cn.yunsenlin.web.base.service.Impl.VolumeCalculate.LogVolumeCalculateServiceImplTest - 正在测试原木木材积计算器
2016-11-09 20:24:39.080 INFO  cn.yunsenlin.web.base.service.Impl.VolumeCalculate.LogVolumeCalculateServiceImplTest - 原木木材积计算器测试结束
2016-11-09 20:24:40.921 INFO  com.alibaba.druid.pool.DruidDataSource - {dataSource-6} inited
2016-11-09 20:24:41.053 INFO  com.alibaba.druid.pool.DruidDataSource - {dataSource-2} closed
2016-11-09 20:24:48.394 INFO  com.alibaba.druid.pool.DruidDataSource - {dataSource-1} inited
2016-11-09 20:26:22.770 INFO  com.alibaba.druid.pool.DruidDataSource - {dataSource-1} inited
2016-11-09 20:26:25.563 INFO  com.alibaba.druid.pool.DruidDataSource - {dataSource-2} inited
2016-11-09 20:26:28.012 INFO  com.alibaba.druid.pool.DruidDataSource - {dataSource-3} inited
2016-11-09 20:26:30.161 INFO  com.alibaba.druid.pool.DruidDataSource - {dataSource-4} inited
2016-11-09 20:26:32.228 INFO  com.alibaba.druid.pool.DruidDataSource - {dataSource-5} inited
2016-11-09 20:26:32.391 INFO  cn.yunsenlin.web.base.service.Impl.VolumeCalculate.LogVolumeCalculateServiceImplTest - 正在测试每个木材积计算器
2016-11-09 20:26:32.391 INFO  cn.yunsenlin.web.base.service.Impl.VolumeCalculate.LogVolumeCalculateServiceImplTest - 正在测试原木木材积计算器
2016-11-09 20:26:32.391 INFO  cn.yunsenlin.web.base.service.Impl.VolumeCalculate.LogVolumeCalculateServiceImplTest - 原木木材积计算器测试结束
2016-11-09 20:26:34.401 INFO  com.alibaba.druid.pool.DruidDataSource - {dataSource-6} inited
2016-11-09 20:26:34.518 INFO  com.alibaba.druid.pool.DruidDataSource - {dataSource-2} closed
2016-11-09 20:26:41.997 INFO  com.alibaba.druid.pool.DruidDataSource - {dataSource-1} inited
2016-11-09 20:27:48.232 INFO  com.alibaba.druid.pool.DruidDataSource - {dataSource-1} inited
2016-11-09 20:27:51.055 INFO  com.alibaba.druid.pool.DruidDataSource - {dataSource-2} inited
2016-11-09 20:27:53.463 INFO  com.alibaba.druid.pool.DruidDataSource - {dataSource-3} inited
2016-11-09 20:27:55.304 INFO  com.alibaba.druid.pool.DruidDataSource - {dataSource-4} inited
2016-11-09 20:27:57.463 INFO  com.alibaba.druid.pool.DruidDataSource - {dataSource-5} inited
2016-11-09 20:27:57.613 INFO  cn.yunsenlin.web.base.service.Impl.VolumeCalculate.LogVolumeCalculateServiceImplTest - 正在测试每个木材积计算器
2016-11-09 20:27:57.614 INFO  cn.yunsenlin.web.base.service.Impl.VolumeCalculate.LogVolumeCalculateServiceImplTest - 正在测试原木木材积计算器
2016-11-09 20:27:57.614 INFO  cn.yunsenlin.web.base.service.Impl.VolumeCalculate.LogVolumeCalculateServiceImplTest - 原木木材积计算器测试结束
2016-11-09 20:27:59.592 INFO  com.alibaba.druid.pool.DruidDataSource - {dataSource-6} inited
2016-11-09 20:27:59.717 INFO  com.alibaba.druid.pool.DruidDataSource - {dataSource-2} closed
2016-11-09 20:28:07.106 INFO  com.alibaba.druid.pool.DruidDataSource - {dataSource-1} inited
2016-11-09 20:31:52.661 INFO  com.alibaba.druid.pool.DruidDataSource - {dataSource-1} inited
2016-11-09 20:31:53.969 INFO  com.alibaba.druid.pool.DruidDataSource - {dataSource-2} inited
2016-11-09 20:31:54.660 INFO  com.alibaba.druid.pool.DruidDataSource - {dataSource-3} inited
2016-11-09 20:31:55.053 INFO  com.alibaba.druid.pool.DruidDataSource - {dataSource-4} inited
2016-11-09 20:31:55.419 INFO  com.alibaba.druid.pool.DruidDataSource - {dataSource-5} inited
2016-11-09 20:31:55.612 INFO  cn.yunsenlin.web.base.service.Impl.VolumeCalculate.LogVolumeCalculateServiceImplTest - 正在测试每个木材积计算器
2016-11-09 20:31:55.613 INFO  cn.yunsenlin.web.base.service.Impl.VolumeCalculate.LogVolumeCalculateServiceImplTest - 正在测试原木木材积计算器
2016-11-09 20:31:55.613 INFO  cn.yunsenlin.web.base.service.Impl.VolumeCalculate.LogVolumeCalculateServiceImplTest - 原木木材积计算器测试结束
2016-11-09 20:31:55.793 INFO  com.alibaba.druid.pool.DruidDataSource - {dataSource-6} inited
2016-11-09 20:31:56.022 INFO  com.alibaba.druid.pool.DruidDataSource - {dataSource-2} closed
2016-11-09 20:32:04.402 INFO  com.alibaba.druid.pool.DruidDataSource - {dataSource-1} inited
2016-11-09 20:34:02.757 INFO  com.alibaba.druid.pool.DruidDataSource - {dataSource-1} inited
2016-11-09 20:34:06.094 INFO  com.alibaba.druid.pool.DruidDataSource - {dataSource-2} inited
2016-11-09 20:34:08.715 INFO  com.alibaba.druid.pool.DruidDataSource - {dataSource-3} inited
2016-11-09 20:34:11.134 INFO  com.alibaba.druid.pool.DruidDataSource - {dataSource-4} inited
2016-11-09 20:34:12.575 INFO  com.alibaba.druid.pool.DruidDataSource - {dataSource-5} inited
2016-11-09 20:34:12.751 INFO  cn.yunsenlin.web.base.service.Impl.VolumeCalculate.LogVolumeCalculateServiceImplTest - 正在测试每个木材积计算器
2016-11-09 20:34:12.751 INFO  cn.yunsenlin.web.base.service.Impl.VolumeCalculate.LogVolumeCalculateServiceImplTest - 正在测试原木木材积计算器
2016-11-09 20:34:12.752 INFO  cn.yunsenlin.web.base.service.Impl.VolumeCalculate.LogVolumeCalculateServiceImplTest - 原木木材积计算器测试结束
2016-11-09 20:34:12.945 INFO  com.alibaba.druid.pool.DruidDataSource - {dataSource-6} inited
2016-11-09 20:34:13.256 INFO  com.alibaba.druid.pool.DruidDataSource - {dataSource-2} closed
2016-11-09 20:34:21.409 INFO  com.alibaba.druid.pool.DruidDataSource - {dataSource-1} inited
2016-11-09 20:34:25.483 INFO  cn.yunsenlin.web.base.controller.CalculateController - volumeCalculate running length=1.s3,diameter=s20,typeCode=100002
2016-11-09 20:35:40.597 INFO  com.alibaba.druid.pool.DruidDataSource - {dataSource-1} inited
2016-11-09 20:35:43.915 INFO  com.alibaba.druid.pool.DruidDataSource - {dataSource-2} inited
2016-11-09 20:35:46.504 INFO  com.alibaba.druid.pool.DruidDataSource - {dataSource-3} inited
2016-11-09 20:35:48.516 INFO  com.alibaba.druid.pool.DruidDataSource - {dataSource-4} inited
2016-11-09 20:35:50.780 INFO  com.alibaba.druid.pool.DruidDataSource - {dataSource-5} inited
2016-11-09 20:35:50.970 INFO  cn.yunsenlin.web.base.service.Impl.VolumeCalculate.LogVolumeCalculateServiceImplTest - 正在测试每个木材积计算器
2016-11-09 20:35:50.970 INFO  cn.yunsenlin.web.base.service.Impl.VolumeCalculate.LogVolumeCalculateServiceImplTest - 正在测试原木木材积计算器
2016-11-09 20:35:50.970 INFO  cn.yunsenlin.web.base.service.Impl.VolumeCalculate.LogVolumeCalculateServiceImplTest - 原木木材积计算器测试结束
2016-11-09 20:35:52.922 INFO  com.alibaba.druid.pool.DruidDataSource - {dataSource-6} inited
2016-11-09 20:35:53.039 INFO  com.alibaba.druid.pool.DruidDataSource - {dataSource-2} closed
2016-11-09 20:36:00.380 INFO  com.alibaba.druid.pool.DruidDataSource - {dataSource-1} inited
2016-11-09 20:41:48.545 INFO  com.alibaba.druid.pool.DruidDataSource - {dataSource-1} inited
2016-11-09 20:41:51.867 INFO  com.alibaba.druid.pool.DruidDataSource - {dataSource-2} inited
2016-11-09 20:41:54.638 INFO  com.alibaba.druid.pool.DruidDataSource - {dataSource-3} inited
2016-11-09 20:41:56.881 INFO  com.alibaba.druid.pool.DruidDataSource - {dataSource-4} inited
2016-11-09 20:41:59.230 INFO  com.alibaba.druid.pool.DruidDataSource - {dataSource-5} inited
2016-11-09 20:41:59.415 INFO  cn.yunsenlin.web.base.service.Impl.VolumeCalculate.LogVolumeCalculateServiceImplTest - 正在测试每个木材积计算器
2016-11-09 20:41:59.416 INFO  cn.yunsenlin.web.base.service.Impl.VolumeCalculate.LogVolumeCalculateServiceImplTest - 正在测试原木木材积计算器
2016-11-09 20:41:59.416 INFO  cn.yunsenlin.web.base.service.Impl.VolumeCalculate.LogVolumeCalculateServiceImplTest - 原木木材积计算器测试结束
2016-11-09 20:42:01.467 INFO  com.alibaba.druid.pool.DruidDataSource - {dataSource-6} inited
2016-11-09 20:42:01.677 INFO  com.alibaba.druid.pool.DruidDataSource - {dataSource-2} closed
2016-11-09 20:42:11.062 INFO  com.alibaba.druid.pool.DruidDataSource - {dataSource-1} inited
2016-11-09 20:43:46.972 INFO  com.alibaba.druid.pool.DruidDataSource - {dataSource-1} inited
2016-11-09 20:43:48.330 INFO  com.alibaba.druid.pool.DruidDataSource - {dataSource-2} inited
2016-11-09 20:43:48.865 INFO  com.alibaba.druid.pool.DruidDataSource - {dataSource-3} inited
2016-11-09 20:43:49.248 INFO  com.alibaba.druid.pool.DruidDataSource - {dataSource-4} inited
2016-11-09 20:43:49.666 INFO  com.alibaba.druid.pool.DruidDataSource - {dataSource-5} inited
2016-11-09 20:43:49.899 INFO  cn.yunsenlin.web.base.service.Impl.VolumeCalculate.LogVolumeCalculateServiceImplTest - 正在测试每个木材积计算器
2016-11-09 20:43:49.899 INFO  cn.yunsenlin.web.base.service.Impl.VolumeCalculate.LogVolumeCalculateServiceImplTest - 正在测试原木木材积计算器
2016-11-09 20:43:49.899 INFO  cn.yunsenlin.web.base.service.Impl.VolumeCalculate.LogVolumeCalculateServiceImplTest - 原木木材积计算器测试结束
2016-11-09 20:43:50.076 INFO  com.alibaba.druid.pool.DruidDataSource - {dataSource-6} inited
2016-11-09 20:43:50.295 INFO  com.alibaba.druid.pool.DruidDataSource - {dataSource-2} closed
2016-11-09 20:43:58.549 INFO  com.alibaba.druid.pool.DruidDataSource - {dataSource-1} inited
2016-11-09 20:46:41.159 INFO  com.alibaba.druid.pool.DruidDataSource - {dataSource-1} inited
2016-11-09 20:46:42.637 INFO  com.alibaba.druid.pool.DruidDataSource - {dataSource-2} inited
2016-11-09 20:46:43.148 INFO  com.alibaba.druid.pool.DruidDataSource - {dataSource-3} inited
2016-11-09 20:46:43.450 INFO  com.alibaba.druid.pool.DruidDataSource - {dataSource-4} inited
2016-11-09 20:46:43.805 INFO  com.alibaba.druid.pool.DruidDataSource - {dataSource-5} inited
2016-11-09 20:46:43.964 INFO  cn.yunsenlin.web.base.service.Impl.VolumeCalculate.LogVolumeCalculateServiceImplTest - 正在测试每个木材积计算器
2016-11-09 20:46:43.964 INFO  cn.yunsenlin.web.base.service.Impl.VolumeCalculate.LogVolumeCalculateServiceImplTest - 正在测试原木木材积计算器
2016-11-09 20:46:43.964 INFO  cn.yunsenlin.web.base.service.Impl.VolumeCalculate.LogVolumeCalculateServiceImplTest - 原木木材积计算器测试结束
2016-11-09 20:46:44.182 INFO  com.alibaba.druid.pool.DruidDataSource - {dataSource-6} inited
2016-11-09 20:46:44.341 INFO  com.alibaba.druid.pool.DruidDataSource - {dataSource-2} closed
2016-11-09 20:46:50.946 INFO  com.alibaba.druid.pool.DruidDataSource - {dataSource-1} inited
2016-11-09 20:51:10.413 INFO  com.alibaba.druid.pool.DruidDataSource - {dataSource-1} inited
2016-11-09 20:51:13.074 INFO  com.alibaba.druid.pool.DruidDataSource - {dataSource-2} inited
2016-11-09 20:51:15.017 INFO  com.alibaba.druid.pool.DruidDataSource - {dataSource-3} inited
2016-11-09 20:51:16.628 INFO  com.alibaba.druid.pool.DruidDataSource - {dataSource-4} inited
2016-11-09 20:51:18.617 INFO  com.alibaba.druid.pool.DruidDataSource - {dataSource-5} inited
2016-11-09 20:51:18.777 INFO  cn.yunsenlin.web.base.service.Impl.VolumeCalculate.LogVolumeCalculateServiceImplTest - 正在测试每个木材积计算器
2016-11-09 20:51:18.778 INFO  cn.yunsenlin.web.base.service.Impl.VolumeCalculate.LogVolumeCalculateServiceImplTest - 正在测试原木木材积计算器
2016-11-09 20:51:18.778 INFO  cn.yunsenlin.web.base.service.Impl.VolumeCalculate.LogVolumeCalculateServiceImplTest - 原木木材积计算器测试结束
2016-11-09 20:51:20.457 INFO  com.alibaba.druid.pool.DruidDataSource - {dataSource-6} inited
2016-11-09 20:51:20.625 INFO  com.alibaba.druid.pool.DruidDataSource - {dataSource-2} closed
2016-11-09 20:51:28.267 INFO  com.alibaba.druid.pool.DruidDataSource - {dataSource-1} inited
2016-11-09 20:58:47.959 INFO  com.alibaba.druid.pool.DruidDataSource - {dataSource-1} inited
2016-11-09 20:58:50.492 INFO  com.alibaba.druid.pool.DruidDataSource - {dataSource-2} inited
2016-11-09 20:58:52.376 INFO  com.alibaba.druid.pool.DruidDataSource - {dataSource-3} inited
2016-11-09 20:58:53.615 INFO  com.alibaba.druid.pool.DruidDataSource - {dataSource-4} inited
2016-11-09 20:58:54.045 INFO  com.alibaba.druid.pool.DruidDataSource - {dataSource-5} inited
2016-11-09 20:58:54.186 INFO  cn.yunsenlin.web.base.service.Impl.VolumeCalculate.LogVolumeCalculateServiceImplTest - 正在测试每个木材积计算器
2016-11-09 20:58:54.187 INFO  cn.yunsenlin.web.base.service.Impl.VolumeCalculate.LogVolumeCalculateServiceImplTest - 正在测试原木木材积计算器
2016-11-09 20:58:54.187 INFO  cn.yunsenlin.web.base.service.Impl.VolumeCalculate.LogVolumeCalculateServiceImplTest - 原木木材积计算器测试结束
2016-11-09 20:58:55.025 INFO  com.alibaba.druid.pool.DruidDataSource - {dataSource-6} inited
2016-11-09 20:58:55.148 INFO  com.alibaba.druid.pool.DruidDataSource - {dataSource-2} closed
2016-11-09 20:59:03.097 INFO  com.alibaba.druid.pool.DruidDataSource - {dataSource-1} inited
2016-11-09 21:02:05.628 INFO  com.alibaba.druid.pool.DruidDataSource - {dataSource-1} inited
2016-11-09 21:02:07.955 INFO  com.alibaba.druid.pool.DruidDataSource - {dataSource-2} inited
2016-11-09 21:02:09.672 INFO  com.alibaba.druid.pool.DruidDataSource - {dataSource-3} inited
2016-11-09 21:02:11.003 INFO  com.alibaba.druid.pool.DruidDataSource - {dataSource-4} inited
2016-11-09 21:02:12.387 INFO  com.alibaba.druid.pool.DruidDataSource - {dataSource-5} inited
2016-11-09 21:02:12.520 INFO  cn.yunsenlin.web.base.service.Impl.VolumeCalculate.LogVolumeCalculateServiceImplTest - 正在测试每个木材积计算器
2016-11-09 21:02:12.520 INFO  cn.yunsenlin.web.base.service.Impl.VolumeCalculate.LogVolumeCalculateServiceImplTest - 正在测试原木木材积计算器
2016-11-09 21:02:12.520 INFO  cn.yunsenlin.web.base.service.Impl.VolumeCalculate.LogVolumeCalculateServiceImplTest - 原木木材积计算器测试结束
2016-11-09 21:02:13.580 INFO  com.alibaba.druid.pool.DruidDataSource - {dataSource-6} inited
2016-11-09 21:02:13.715 INFO  com.alibaba.druid.pool.DruidDataSource - {dataSource-2} closed
2016-11-09 21:02:19.786 INFO  com.alibaba.druid.pool.DruidDataSource - {dataSource-1} inited
2016-11-09 21:07:55.768 INFO  com.alibaba.druid.pool.DruidDataSource - {dataSource-1} inited
2016-11-09 21:07:57.418 INFO  com.alibaba.druid.pool.DruidDataSource - {dataSource-2} inited
2016-11-09 21:07:58.513 INFO  com.alibaba.druid.pool.DruidDataSource - {dataSource-3} inited
2016-11-09 21:07:59.373 INFO  com.alibaba.druid.pool.DruidDataSource - {dataSource-4} inited
2016-11-09 21:08:00.066 INFO  com.alibaba.druid.pool.DruidDataSource - {dataSource-5} inited
2016-11-09 21:08:00.241 INFO  cn.yunsenlin.web.base.service.Impl.VolumeCalculate.LogVolumeCalculateServiceImplTest - 正在测试每个木材积计算器
2016-11-09 21:08:00.241 INFO  cn.yunsenlin.web.base.service.Impl.VolumeCalculate.LogVolumeCalculateServiceImplTest - 正在测试原木木材积计算器
2016-11-09 21:08:00.242 INFO  cn.yunsenlin.web.base.service.Impl.VolumeCalculate.LogVolumeCalculateServiceImplTest - 原木木材积计算器测试结束
2016-11-09 21:08:00.492 INFO  com.alibaba.druid.pool.DruidDataSource - {dataSource-6} inited
2016-11-09 21:08:00.685 INFO  com.alibaba.druid.pool.DruidDataSource - {dataSource-2} closed
2016-11-09 21:08:09.580 INFO  com.alibaba.druid.pool.DruidDataSource - {dataSource-1} inited
2016-11-09 21:11:55.931 INFO  com.alibaba.druid.pool.DruidDataSource - {dataSource-1} inited
2016-11-09 21:11:56.958 INFO  com.alibaba.druid.pool.DruidDataSource - {dataSource-2} inited
2016-11-09 21:11:57.413 INFO  com.alibaba.druid.pool.DruidDataSource - {dataSource-3} inited
2016-11-09 21:11:57.680 INFO  com.alibaba.druid.pool.DruidDataSource - {dataSource-4} inited
2016-11-09 21:11:57.920 INFO  com.alibaba.druid.pool.DruidDataSource - {dataSource-5} inited
2016-11-09 21:11:58.049 INFO  cn.yunsenlin.web.base.service.Impl.VolumeCalculate.LogVolumeCalculateServiceImplTest - 正在测试每个木材积计算器
2016-11-09 21:11:58.050 INFO  cn.yunsenlin.web.base.service.Impl.VolumeCalculate.LogVolumeCalculateServiceImplTest - 正在测试原木木材积计算器
2016-11-09 21:11:58.050 INFO  cn.yunsenlin.web.base.service.Impl.VolumeCalculate.LogVolumeCalculateServiceImplTest - 原木木材积计算器测试结束
2016-11-09 21:11:58.173 INFO  com.alibaba.druid.pool.DruidDataSource - {dataSource-6} inited
2016-11-09 21:11:58.307 INFO  com.alibaba.druid.pool.DruidDataSource - {dataSource-2} closed
2016-11-09 21:12:03.492 INFO  com.alibaba.druid.pool.DruidDataSource - {dataSource-1} inited
2016-11-09 21:12:11.450 INFO  cn.yunsenlin.web.base.controller.CalculateController - volumeCalculate running length=1.s3,diameter=s20,typeCode=100002
2016-11-09 21:14:12.655 INFO  com.alibaba.druid.pool.DruidDataSource - {dataSource-1} inited
2016-11-09 21:14:13.705 INFO  com.alibaba.druid.pool.DruidDataSource - {dataSource-2} inited
2016-11-09 21:14:14.183 INFO  com.alibaba.druid.pool.DruidDataSource - {dataSource-3} inited
2016-11-09 21:14:14.439 INFO  com.alibaba.druid.pool.DruidDataSource - {dataSource-4} inited
2016-11-09 21:14:14.743 INFO  com.alibaba.druid.pool.DruidDataSource - {dataSource-5} inited
2016-11-09 21:14:14.878 INFO  cn.yunsenlin.web.base.service.Impl.VolumeCalculate.LogVolumeCalculateServiceImplTest - 正在测试每个木材积计算器
2016-11-09 21:14:14.878 INFO  cn.yunsenlin.web.base.service.Impl.VolumeCalculate.LogVolumeCalculateServiceImplTest - 正在测试原木木材积计算器
2016-11-09 21:14:14.879 INFO  cn.yunsenlin.web.base.service.Impl.VolumeCalculate.LogVolumeCalculateServiceImplTest - 原木木材积计算器测试结束
2016-11-09 21:14:14.997 INFO  com.alibaba.druid.pool.DruidDataSource - {dataSource-6} inited
2016-11-09 21:14:15.136 INFO  com.alibaba.druid.pool.DruidDataSource - {dataSource-2} closed
2016-11-09 21:14:20.306 INFO  com.alibaba.druid.pool.DruidDataSource - {dataSource-1} inited
2016-11-09 21:26:14.272 INFO  com.alibaba.druid.pool.DruidDataSource - {dataSource-1} inited
2016-11-09 21:26:15.296 INFO  com.alibaba.druid.pool.DruidDataSource - {dataSource-2} inited
2016-11-09 21:26:15.734 INFO  com.alibaba.druid.pool.DruidDataSource - {dataSource-3} inited
2016-11-09 21:26:16.003 INFO  com.alibaba.druid.pool.DruidDataSource - {dataSource-4} inited
2016-11-09 21:26:16.271 INFO  com.alibaba.druid.pool.DruidDataSource - {dataSource-5} inited
2016-11-09 21:26:16.391 INFO  cn.yunsenlin.web.base.service.Impl.VolumeCalculate.LogVolumeCalculateServiceImplTest - 正在测试每个木材积计算器
2016-11-09 21:26:16.391 INFO  cn.yunsenlin.web.base.service.Impl.VolumeCalculate.LogVolumeCalculateServiceImplTest - 正在测试原木木材积计算器
2016-11-09 21:26:16.391 INFO  cn.yunsenlin.web.base.service.Impl.VolumeCalculate.LogVolumeCalculateServiceImplTest - 原木木材积计算器测试结束
2016-11-09 21:26:16.514 INFO  com.alibaba.druid.pool.DruidDataSource - {dataSource-6} inited
2016-11-09 21:26:16.662 INFO  com.alibaba.druid.pool.DruidDataSource - {dataSource-2} closed
2016-11-09 21:26:21.622 INFO  com.alibaba.druid.pool.DruidDataSource - {dataSource-1} inited
2016-11-09 21:27:23.148 INFO  com.alibaba.druid.pool.DruidDataSource - {dataSource-1} inited
2016-11-09 21:27:24.054 INFO  com.alibaba.druid.pool.DruidDataSource - {dataSource-2} inited
2016-11-09 21:27:24.463 INFO  com.alibaba.druid.pool.DruidDataSource - {dataSource-3} inited
2016-11-09 21:27:24.713 INFO  com.alibaba.druid.pool.DruidDataSource - {dataSource-4} inited
2016-11-09 21:27:24.952 INFO  com.alibaba.druid.pool.DruidDataSource - {dataSource-5} inited
2016-11-09 21:27:25.087 INFO  cn.yunsenlin.web.base.service.Impl.VolumeCalculate.LogVolumeCalculateServiceImplTest - 正在测试每个木材积计算器
2016-11-09 21:27:25.087 INFO  cn.yunsenlin.web.base.service.Impl.VolumeCalculate.LogVolumeCalculateServiceImplTest - 正在测试原木木材积计算器
2016-11-09 21:27:25.088 INFO  cn.yunsenlin.web.base.service.Impl.VolumeCalculate.LogVolumeCalculateServiceImplTest - 原木木材积计算器测试结束
2016-11-09 21:27:25.198 INFO  com.alibaba.druid.pool.DruidDataSource - {dataSource-6} inited
2016-11-09 21:27:25.313 INFO  com.alibaba.druid.pool.DruidDataSource - {dataSource-2} closed
2016-11-09 21:27:30.443 INFO  com.alibaba.druid.pool.DruidDataSource - {dataSource-1} inited
2016-11-09 21:30:29.758 INFO  com.alibaba.druid.pool.DruidDataSource - {dataSource-1} inited
2016-11-09 21:30:30.765 INFO  com.alibaba.druid.pool.DruidDataSource - {dataSource-2} inited
2016-11-09 21:30:31.203 INFO  com.alibaba.druid.pool.DruidDataSource - {dataSource-3} inited
2016-11-09 21:30:31.460 INFO  com.alibaba.druid.pool.DruidDataSource - {dataSource-4} inited
2016-11-09 21:30:31.727 INFO  com.alibaba.druid.pool.DruidDataSource - {dataSource-5} inited
2016-11-09 21:30:31.868 INFO  cn.yunsenlin.web.base.service.Impl.VolumeCalculate.LogVolumeCalculateServiceImplTest - 正在测试每个木材积计算器
2016-11-09 21:30:31.868 INFO  cn.yunsenlin.web.base.service.Impl.VolumeCalculate.LogVolumeCalculateServiceImplTest - 正在测试原木木材积计算器
2016-11-09 21:30:31.869 INFO  cn.yunsenlin.web.base.service.Impl.VolumeCalculate.LogVolumeCalculateServiceImplTest - 原木木材积计算器测试结束
2016-11-09 21:30:31.996 INFO  com.alibaba.druid.pool.DruidDataSource - {dataSource-6} inited
2016-11-09 21:30:32.121 INFO  com.alibaba.druid.pool.DruidDataSource - {dataSource-2} closed
2016-11-09 21:30:37.068 INFO  com.alibaba.druid.pool.DruidDataSource - {dataSource-1} inited
2016-11-09 21:31:46.170 INFO  com.alibaba.druid.pool.DruidDataSource - {dataSource-1} inited
2016-11-09 21:31:47.137 INFO  com.alibaba.druid.pool.DruidDataSource - {dataSource-2} inited
2016-11-09 21:31:47.528 INFO  com.alibaba.druid.pool.DruidDataSource - {dataSource-3} inited
2016-11-09 21:31:47.746 INFO  com.alibaba.druid.pool.DruidDataSource - {dataSource-4} inited
2016-11-09 21:31:47.996 INFO  com.alibaba.druid.pool.DruidDataSource - {dataSource-5} inited
2016-11-09 21:31:48.106 INFO  cn.yunsenlin.web.base.service.Impl.VolumeCalculate.LogVolumeCalculateServiceImplTest - 正在测试每个木材积计算器
2016-11-09 21:31:48.106 INFO  cn.yunsenlin.web.base.service.Impl.VolumeCalculate.LogVolumeCalculateServiceImplTest - 正在测试原木木材积计算器
2016-11-09 21:31:48.106 INFO  cn.yunsenlin.web.base.service.Impl.VolumeCalculate.LogVolumeCalculateServiceImplTest - 原木木材积计算器测试结束
2016-11-09 21:31:48.231 INFO  com.alibaba.druid.pool.DruidDataSource - {dataSource-6} inited
2016-11-09 21:31:48.356 INFO  com.alibaba.druid.pool.DruidDataSource - {dataSource-2} closed
2016-11-09 21:31:53.197 INFO  com.alibaba.druid.pool.DruidDataSource - {dataSource-1} inited
2016-11-09 21:40:30.666 INFO  com.alibaba.druid.pool.DruidDataSource - {dataSource-1} inited
2016-11-09 21:40:31.619 INFO  com.alibaba.druid.pool.DruidDataSource - {dataSource-2} inited
2016-11-09 21:40:32.039 INFO  com.alibaba.druid.pool.DruidDataSource - {dataSource-3} inited
2016-11-09 21:40:32.321 INFO  com.alibaba.druid.pool.DruidDataSource - {dataSource-4} inited
2016-11-09 21:40:32.539 INFO  com.alibaba.druid.pool.DruidDataSource - {dataSource-5} inited
2016-11-09 21:40:32.668 INFO  cn.yunsenlin.web.base.service.Impl.VolumeCalculate.LogVolumeCalculateServiceImplTest - 正在测试每个木材积计算器
2016-11-09 21:40:32.668 INFO  cn.yunsenlin.web.base.service.Impl.VolumeCalculate.LogVolumeCalculateServiceImplTest - 正在测试原木木材积计算器
2016-11-09 21:40:32.668 INFO  cn.yunsenlin.web.base.service.Impl.VolumeCalculate.LogVolumeCalculateServiceImplTest - 原木木材积计算器测试结束
2016-11-09 21:40:32.790 INFO  com.alibaba.druid.pool.DruidDataSource - {dataSource-6} inited
2016-11-09 21:40:32.925 INFO  com.alibaba.druid.pool.DruidDataSource - {dataSource-2} closed
2016-11-09 21:40:37.850 INFO  com.alibaba.druid.pool.DruidDataSource - {dataSource-1} inited
2016-11-09 21:41:52.415 INFO  com.alibaba.druid.pool.DruidDataSource - {dataSource-1} inited
2016-11-09 21:41:53.446 INFO  com.alibaba.druid.pool.DruidDataSource - {dataSource-2} inited
2016-11-09 21:41:53.869 INFO  com.alibaba.druid.pool.DruidDataSource - {dataSource-3} inited
2016-11-09 21:41:54.104 INFO  com.alibaba.druid.pool.DruidDataSource - {dataSource-4} inited
2016-11-09 21:41:54.352 INFO  com.alibaba.druid.pool.DruidDataSource - {dataSource-5} inited
2016-11-09 21:41:54.461 INFO  cn.yunsenlin.web.base.service.Impl.VolumeCalculate.LogVolumeCalculateServiceImplTest - 正在测试每个木材积计算器
2016-11-09 21:41:54.461 INFO  cn.yunsenlin.web.base.service.Impl.VolumeCalculate.LogVolumeCalculateServiceImplTest - 正在测试原木木材积计算器
2016-11-09 21:41:54.461 INFO  cn.yunsenlin.web.base.service.Impl.VolumeCalculate.LogVolumeCalculateServiceImplTest - 原木木材积计算器测试结束
2016-11-09 21:41:54.586 INFO  com.alibaba.druid.pool.DruidDataSource - {dataSource-6} inited
2016-11-09 21:41:54.697 INFO  com.alibaba.druid.pool.DruidDataSource - {dataSource-2} closed
2016-11-09 21:41:59.493 INFO  com.alibaba.druid.pool.DruidDataSource - {dataSource-1} inited
2016-11-09 21:52:15.543 INFO  com.alibaba.druid.pool.DruidDataSource - {dataSource-1} inited
2016-11-09 21:52:16.230 INFO  com.alibaba.druid.pool.DruidDataSource - {dataSource-1} closed
2016-11-09 21:52:16.371 INFO  com.alibaba.druid.pool.DruidDataSource - {dataSource-2} inited
2016-11-09 21:52:16.496 INFO  com.alibaba.druid.pool.DruidDataSource - {dataSource-2} closed
2016-11-09 21:52:16.621 INFO  com.alibaba.druid.pool.DruidDataSource - {dataSource-3} inited
2016-11-09 21:52:16.730 INFO  com.alibaba.druid.pool.DruidDataSource - {dataSource-3} closed
2016-11-09 21:52:16.871 INFO  com.alibaba.druid.pool.DruidDataSource - {dataSource-4} inited
2016-11-09 21:52:16.981 INFO  com.alibaba.druid.pool.DruidDataSource - {dataSource-4} closed
2016-11-09 21:52:17.106 INFO  com.alibaba.druid.pool.DruidDataSource - {dataSource-5} inited
2016-11-09 21:52:17.215 INFO  com.alibaba.druid.pool.DruidDataSource - {dataSource-5} closed
2016-11-09 21:53:03.120 INFO  com.alibaba.druid.pool.DruidDataSource - {dataSource-1} inited
2016-11-09 21:53:04.121 INFO  com.alibaba.druid.pool.DruidDataSource - {dataSource-2} inited
2016-11-09 21:53:04.564 INFO  com.alibaba.druid.pool.DruidDataSource - {dataSource-3} inited
2016-11-09 21:53:04.810 INFO  com.alibaba.druid.pool.DruidDataSource - {dataSource-4} inited
2016-11-09 21:53:05.043 INFO  com.alibaba.druid.pool.DruidDataSource - {dataSource-5} inited
2016-11-09 21:53:05.168 INFO  cn.yunsenlin.web.base.service.Impl.VolumeCalculate.LogVolumeCalculateServiceImplTest - 正在测试每个木材积计算器
2016-11-09 21:53:05.168 INFO  cn.yunsenlin.web.base.service.Impl.VolumeCalculate.LogVolumeCalculateServiceImplTest - 正在测试原木木材积计算器
2016-11-09 21:53:05.168 INFO  cn.yunsenlin.web.base.service.Impl.VolumeCalculate.LogVolumeCalculateServiceImplTest - 原木木材积计算器测试结束
2016-11-09 21:53:05.262 INFO  com.alibaba.druid.pool.DruidDataSource - {dataSource-6} inited
2016-11-09 21:53:05.402 INFO  com.alibaba.druid.pool.DruidDataSource - {dataSource-2} closed
2016-11-09 21:53:10.214 INFO  com.alibaba.druid.pool.DruidDataSource - {dataSource-1} inited
2016-11-09 21:57:52.236 INFO  com.alibaba.druid.pool.DruidDataSource - {dataSource-1} inited
2016-11-09 21:57:53.105 INFO  com.alibaba.druid.pool.DruidDataSource - {dataSource-2} inited
2016-11-09 21:57:53.511 INFO  com.alibaba.druid.pool.DruidDataSource - {dataSource-3} inited
2016-11-09 21:57:53.730 INFO  com.alibaba.druid.pool.DruidDataSource - {dataSource-4} inited
2016-11-09 21:57:53.991 INFO  com.alibaba.druid.pool.DruidDataSource - {dataSource-5} inited
2016-11-09 21:57:54.089 INFO  cn.yunsenlin.web.base.service.Impl.VolumeCalculate.LogVolumeCalculateServiceImplTest - 正在测试每个木材积计算器
2016-11-09 21:57:54.089 INFO  cn.yunsenlin.web.base.service.Impl.VolumeCalculate.LogVolumeCalculateServiceImplTest - 正在测试原木木材积计算器
2016-11-09 21:57:54.089 INFO  cn.yunsenlin.web.base.service.Impl.VolumeCalculate.LogVolumeCalculateServiceImplTest - 原木木材积计算器测试结束
2016-11-09 21:57:54.230 INFO  com.alibaba.druid.pool.DruidDataSource - {dataSource-6} inited
2016-11-09 21:57:54.324 INFO  com.alibaba.druid.pool.DruidDataSource - {dataSource-2} closed
2016-11-09 21:57:59.121 INFO  com.alibaba.druid.pool.DruidDataSource - {dataSource-1} inited
2016-11-09 21:59:33.214 INFO  com.alibaba.druid.pool.DruidDataSource - {dataSource-1} inited
2016-11-09 21:59:34.184 INFO  com.alibaba.druid.pool.DruidDataSource - {dataSource-2} inited
2016-11-09 21:59:34.605 INFO  com.alibaba.druid.pool.DruidDataSource - {dataSource-3} inited
2016-11-09 21:59:34.839 INFO  com.alibaba.druid.pool.DruidDataSource - {dataSource-4} inited
2016-11-09 21:59:35.073 INFO  com.alibaba.druid.pool.DruidDataSource - {dataSource-5} inited
2016-11-09 21:59:35.215 INFO  cn.yunsenlin.web.base.service.Impl.VolumeCalculate.LogVolumeCalculateServiceImplTest - 正在测试每个木材积计算器
2016-11-09 21:59:35.215 INFO  cn.yunsenlin.web.base.service.Impl.VolumeCalculate.LogVolumeCalculateServiceImplTest - 正在测试原木木材积计算器
2016-11-09 21:59:35.215 INFO  cn.yunsenlin.web.base.service.Impl.VolumeCalculate.LogVolumeCalculateServiceImplTest - 原木木材积计算器测试结束
2016-11-09 21:59:35.339 INFO  com.alibaba.druid.pool.DruidDataSource - {dataSource-6} inited
2016-11-09 21:59:35.448 INFO  com.alibaba.druid.pool.DruidDataSource - {dataSource-2} closed
2016-11-09 21:59:40.339 INFO  com.alibaba.druid.pool.DruidDataSource - {dataSource-1} inited
2016-11-09 21:59:44.133 INFO  cn.yunsenlin.web.base.controller.CalculateController - volumeCalculate running length=1.3,diameter=20,typeCode=100001
2016-11-09 22:00:01.910 INFO  cn.yunsenlin.web.base.controller.CalculateController - volumeCalculate running length=1.3,diameter=20,typeCode=100003
2016-11-09 22:00:09.633 INFO  cn.yunsenlin.web.base.controller.CalculateController - volumeCalculate running length=1.3,diameter=20,typeCode=100001
2016-11-09 22:01:32.978 INFO  cn.yunsenlin.web.base.controller.CalculateController - unitVolumeCalculateParam running list:cn.yunsenlin.web.base.dto.calculate.UnitVolumeCalculateParam@36a7edad
2016-11-09 22:02:12.896 INFO  cn.yunsenlin.web.base.controller.CalculateController - unitVolumeCalculateParam running list:cn.yunsenlin.web.base.dto.calculate.UnitVolumeCalculateParam@3a13a49b
2016-11-09 22:02:19.656 INFO  cn.yunsenlin.web.base.controller.CalculateController - unitVolumeCalculateParam running list:cn.yunsenlin.web.base.dto.calculate.UnitVolumeCalculateParam@750083d2
2016-11-09 22:02:31.995 INFO  cn.yunsenlin.web.base.controller.CalculateController - unitVolumeCalculateParam running list:cn.yunsenlin.web.base.dto.calculate.UnitVolumeCalculateParam@5d10f074
2016-11-09 22:02:43.061 INFO  cn.yunsenlin.web.base.controller.CalculateController - unitVolumeCalculateParam running list:cn.yunsenlin.web.base.dto.calculate.UnitVolumeCalculateParam@5d9672b1
2016-11-09 22:03:34.744 INFO  cn.yunsenlin.web.base.controller.CalculateController - unitVolumeCalculateParam running list:cn.yunsenlin.web.base.dto.calculate.UnitVolumeCalculateParam@1b7ce154
2016-11-09 22:08:18.282 INFO  com.alibaba.druid.pool.DruidDataSource - {dataSource-1} inited
2016-11-09 22:08:19.274 INFO  com.alibaba.druid.pool.DruidDataSource - {dataSource-2} inited
2016-11-09 22:08:19.706 INFO  com.alibaba.druid.pool.DruidDataSource - {dataSource-3} inited
2016-11-09 22:08:19.962 INFO  com.alibaba.druid.pool.DruidDataSource - {dataSource-4} inited
2016-11-09 22:08:20.218 INFO  com.alibaba.druid.pool.DruidDataSource - {dataSource-5} inited
2016-11-09 22:08:20.348 INFO  cn.yunsenlin.web.base.service.Impl.VolumeCalculate.LogVolumeCalculateServiceImplTest - 正在测试每个木材积计算器
2016-11-09 22:08:20.349 INFO  cn.yunsenlin.web.base.service.Impl.VolumeCalculate.LogVolumeCalculateServiceImplTest - 正在测试原木木材积计算器
2016-11-09 22:08:20.349 INFO  cn.yunsenlin.web.base.service.Impl.VolumeCalculate.LogVolumeCalculateServiceImplTest - 原木木材积计算器测试结束
2016-11-09 22:08:20.473 INFO  com.alibaba.druid.pool.DruidDataSource - {dataSource-6} inited
2016-11-09 22:08:20.617 INFO  com.alibaba.druid.pool.DruidDataSource - {dataSource-2} closed
2016-11-09 22:08:26.120 INFO  com.alibaba.druid.pool.DruidDataSource - {dataSource-1} inited
2016-11-09 22:08:45.173 INFO  cn.yunsenlin.web.base.controller.CalculateController - unitVolumeCalculateParam running list:cn.yunsenlin.web.base.dto.calculate.UnitVolumeCalculateParam@2fc92738
2016-11-09 22:09:11.706 INFO  cn.yunsenlin.web.base.controller.CalculateController - unitVolumeCalculateParam running list:cn.yunsenlin.web.base.dto.calculate.UnitVolumeCalculateParam@43ebee6c
2016-11-09 22:11:35.255 INFO  com.alibaba.druid.pool.DruidDataSource - {dataSource-1} inited
2016-11-09 22:11:36.181 INFO  com.alibaba.druid.pool.DruidDataSource - {dataSource-2} inited
2016-11-09 22:11:36.616 INFO  com.alibaba.druid.pool.DruidDataSource - {dataSource-3} inited
2016-11-09 22:11:36.897 INFO  com.alibaba.druid.pool.DruidDataSource - {dataSource-4} inited
2016-11-09 22:11:37.151 INFO  com.alibaba.druid.pool.DruidDataSource - {dataSource-5} inited
2016-11-09 22:11:37.283 INFO  cn.yunsenlin.web.base.service.Impl.VolumeCalculate.LogVolumeCalculateServiceImplTest - 正在测试每个木材积计算器
2016-11-09 22:11:37.283 INFO  cn.yunsenlin.web.base.service.Impl.VolumeCalculate.LogVolumeCalculateServiceImplTest - 正在测试原木木材积计算器
2016-11-09 22:11:37.283 INFO  cn.yunsenlin.web.base.service.Impl.VolumeCalculate.LogVolumeCalculateServiceImplTest - 原木木材积计算器测试结束
2016-11-09 22:11:37.403 INFO  com.alibaba.druid.pool.DruidDataSource - {dataSource-6} inited
2016-11-09 22:11:37.547 INFO  com.alibaba.druid.pool.DruidDataSource - {dataSource-2} closed
2016-11-09 22:11:42.517 INFO  com.alibaba.druid.pool.DruidDataSource - {dataSource-1} inited
2016-11-09 22:12:28.539 INFO  cn.yunsenlin.web.base.controller.CalculateController - unitVolumeCalculateParam running list:cn.yunsenlin.web.base.dto.calculate.UnitVolumeCalculateParam@6923e480
2016-11-09 22:12:55.945 INFO  cn.yunsenlin.web.base.controller.CalculateController - unitVolumeCalculateParam running list:cn.yunsenlin.web.base.dto.calculate.UnitVolumeCalculateParam@311dd235
2016-11-09 22:12:56.708 INFO  cn.yunsenlin.web.base.controller.CalculateController - unitVolumeCalculateParam running list:cn.yunsenlin.web.base.dto.calculate.UnitVolumeCalculateParam@282922bd
2016-11-09 22:12:57.479 INFO  cn.yunsenlin.web.base.controller.CalculateController - unitVolumeCalculateParam running list:cn.yunsenlin.web.base.dto.calculate.UnitVolumeCalculateParam@7e5e4d39
2016-11-09 22:13:10.343 INFO  cn.yunsenlin.web.base.controller.CalculateController - unitVolumeCalculateParam running list:cn.yunsenlin.web.base.dto.calculate.UnitVolumeCalculateParam@261e86d0
2016-11-09 22:13:10.818 INFO  cn.yunsenlin.web.base.controller.CalculateController - unitVolumeCalculateParam running list:cn.yunsenlin.web.base.dto.calculate.UnitVolumeCalculateParam@71f32e24
2016-11-09 22:13:11.192 INFO  cn.yunsenlin.web.base.controller.CalculateController - unitVolumeCalculateParam running list:cn.yunsenlin.web.base.dto.calculate.UnitVolumeCalculateParam@3d931c18
2016-11-09 22:13:11.702 INFO  cn.yunsenlin.web.base.controller.CalculateController - unitVolumeCalculateParam running list:cn.yunsenlin.web.base.dto.calculate.UnitVolumeCalculateParam@a16ea59
2016-11-09 22:13:12.184 INFO  cn.yunsenlin.web.base.controller.CalculateController - unitVolumeCalculateParam running list:cn.yunsenlin.web.base.dto.calculate.UnitVolumeCalculateParam@2b251d6d
2016-11-09 22:13:12.572 INFO  cn.yunsenlin.web.base.controller.CalculateController - unitVolumeCalculateParam running list:cn.yunsenlin.web.base.dto.calculate.UnitVolumeCalculateParam@2d29614e
2016-11-09 22:13:13.018 INFO  cn.yunsenlin.web.base.controller.CalculateController - unitVolumeCalculateParam running list:cn.yunsenlin.web.base.dto.calculate.UnitVolumeCalculateParam@6bf32238
2016-11-09 22:13:13.490 INFO  cn.yunsenlin.web.base.controller.CalculateController - unitVolumeCalculateParam running list:cn.yunsenlin.web.base.dto.calculate.UnitVolumeCalculateParam@1d4d5c2d
2016-11-09 22:13:13.891 INFO  cn.yunsenlin.web.base.controller.CalculateController - unitVolumeCalculateParam running list:cn.yunsenlin.web.base.dto.calculate.UnitVolumeCalculateParam@1cdb5312
2016-11-09 22:13:14.314 INFO  cn.yunsenlin.web.base.controller.CalculateController - unitVolumeCalculateParam running list:cn.yunsenlin.web.base.dto.calculate.UnitVolumeCalculateParam@1f703c7f
2016-11-09 22:13:30.308 INFO  cn.yunsenlin.web.base.controller.CalculateController - unitVolumeCalculateParam running list:cn.yunsenlin.web.base.dto.calculate.UnitVolumeCalculateParam@3c346820
2016-11-09 22:13:30.767 INFO  cn.yunsenlin.web.base.controller.CalculateController - unitVolumeCalculateParam running list:cn.yunsenlin.web.base.dto.calculate.UnitVolumeCalculateParam@7bfb31a0
2016-11-09 22:13:31.159 INFO  cn.yunsenlin.web.base.controller.CalculateController - unitVolumeCalculateParam running list:cn.yunsenlin.web.base.dto.calculate.UnitVolumeCalculateParam@3e8d5f76
2016-11-09 22:13:31.611 INFO  cn.yunsenlin.web.base.controller.CalculateController - unitVolumeCalculateParam running list:cn.yunsenlin.web.base.dto.calculate.UnitVolumeCalculateParam@6ef7145b
2016-11-09 22:13:32.038 INFO  cn.yunsenlin.web.base.controller.CalculateController - unitVolumeCalculateParam running list:cn.yunsenlin.web.base.dto.calculate.UnitVolumeCalculateParam@34642578
2016-11-09 22:13:32.435 INFO  cn.yunsenlin.web.base.controller.CalculateController - unitVolumeCalculateParam running list:cn.yunsenlin.web.base.dto.calculate.UnitVolumeCalculateParam@7163e6a8
2016-11-09 22:13:32.818 INFO  cn.yunsenlin.web.base.controller.CalculateController - unitVolumeCalculateParam running list:cn.yunsenlin.web.base.dto.calculate.UnitVolumeCalculateParam@a064f7b
2016-11-09 22:13:33.218 INFO  cn.yunsenlin.web.base.controller.CalculateController - unitVolumeCalculateParam running list:cn.yunsenlin.web.base.dto.calculate.UnitVolumeCalculateParam@4421382f
2016-11-09 22:13:33.593 INFO  cn.yunsenlin.web.base.controller.CalculateController - unitVolumeCalculateParam running list:cn.yunsenlin.web.base.dto.calculate.UnitVolumeCalculateParam@4fcc50aa
2016-11-09 22:13:33.994 INFO  cn.yunsenlin.web.base.controller.CalculateController - unitVolumeCalculateParam running list:cn.yunsenlin.web.base.dto.calculate.UnitVolumeCalculateParam@2d40f462
2016-11-09 22:13:34.515 INFO  cn.yunsenlin.web.base.controller.CalculateController - unitVolumeCalculateParam running list:cn.yunsenlin.web.base.dto.calculate.UnitVolumeCalculateParam@1536bd43
2016-11-09 22:13:34.957 INFO  cn.yunsenlin.web.base.controller.CalculateController - unitVolumeCalculateParam running list:cn.yunsenlin.web.base.dto.calculate.UnitVolumeCalculateParam@67c4f2a1
2016-11-09 22:13:35.352 INFO  cn.yunsenlin.web.base.controller.CalculateController - unitVolumeCalculateParam running list:cn.yunsenlin.web.base.dto.calculate.UnitVolumeCalculateParam@3a24b625
2016-11-09 22:13:35.785 INFO  cn.yunsenlin.web.base.controller.CalculateController - unitVolumeCalculateParam running list:cn.yunsenlin.web.base.dto.calculate.UnitVolumeCalculateParam@1771029
2016-11-09 22:13:36.180 INFO  cn.yunsenlin.web.base.controller.CalculateController - unitVolumeCalculateParam running list:cn.yunsenlin.web.base.dto.calculate.UnitVolumeCalculateParam@15362673
2016-11-09 22:13:36.541 INFO  cn.yunsenlin.web.base.controller.CalculateController - unitVolumeCalculateParam running list:cn.yunsenlin.web.base.dto.calculate.UnitVolumeCalculateParam@771fa2b4
2016-11-09 22:13:36.943 INFO  cn.yunsenlin.web.base.controller.CalculateController - unitVolumeCalculateParam running list:cn.yunsenlin.web.base.dto.calculate.UnitVolumeCalculateParam@2a401e80
2016-11-09 22:13:37.313 INFO  cn.yunsenlin.web.base.controller.CalculateController - unitVolumeCalculateParam running list:cn.yunsenlin.web.base.dto.calculate.UnitVolumeCalculateParam@be6f181
2016-11-09 22:13:37.739 INFO  cn.yunsenlin.web.base.controller.CalculateController - unitVolumeCalculateParam running list:cn.yunsenlin.web.base.dto.calculate.UnitVolumeCalculateParam@308c3bc6
2016-11-09 22:13:38.166 INFO  cn.yunsenlin.web.base.controller.CalculateController - unitVolumeCalculateParam running list:cn.yunsenlin.web.base.dto.calculate.UnitVolumeCalculateParam@3cfc481b
2016-11-09 22:13:38.592 INFO  cn.yunsenlin.web.base.controller.CalculateController - unitVolumeCalculateParam running list:cn.yunsenlin.web.base.dto.calculate.UnitVolumeCalculateParam@25d9e5d4
2016-11-09 22:13:38.966 INFO  cn.yunsenlin.web.base.controller.CalculateController - unitVolumeCalculateParam running list:cn.yunsenlin.web.base.dto.calculate.UnitVolumeCalculateParam@3cd38b5e
2016-11-09 22:13:39.383 INFO  cn.yunsenlin.web.base.controller.CalculateController - unitVolumeCalculateParam running list:cn.yunsenlin.web.base.dto.calculate.UnitVolumeCalculateParam@19db5f88
2016-11-09 22:13:39.753 INFO  cn.yunsenlin.web.base.controller.CalculateController - unitVolumeCalculateParam running list:cn.yunsenlin.web.base.dto.calculate.UnitVolumeCalculateParam@4bb11c57
2016-11-09 22:13:40.143 INFO  cn.yunsenlin.web.base.controller.CalculateController - unitVolumeCalculateParam running list:cn.yunsenlin.web.base.dto.calculate.UnitVolumeCalculateParam@7b33af0f
2016-11-09 22:13:40.590 INFO  cn.yunsenlin.web.base.controller.CalculateController - unitVolumeCalculateParam running list:cn.yunsenlin.web.base.dto.calculate.UnitVolumeCalculateParam@1094fa68
2016-11-09 22:13:40.996 INFO  cn.yunsenlin.web.base.controller.CalculateController - unitVolumeCalculateParam running list:cn.yunsenlin.web.base.dto.calculate.UnitVolumeCalculateParam@59587352
2016-11-09 22:13:41.376 INFO  cn.yunsenlin.web.base.controller.CalculateController - unitVolumeCalculateParam running list:cn.yunsenlin.web.base.dto.calculate.UnitVolumeCalculateParam@36e0ce42
2016-11-09 22:13:41.841 INFO  cn.yunsenlin.web.base.controller.CalculateController - unitVolumeCalculateParam running list:cn.yunsenlin.web.base.dto.calculate.UnitVolumeCalculateParam@5b89818
2016-11-09 22:13:42.228 INFO  cn.yunsenlin.web.base.controller.CalculateController - unitVolumeCalculateParam running list:cn.yunsenlin.web.base.dto.calculate.UnitVolumeCalculateParam@38017598
2016-11-09 22:13:42.614 INFO  cn.yunsenlin.web.base.controller.CalculateController - unitVolumeCalculateParam running list:cn.yunsenlin.web.base.dto.calculate.UnitVolumeCalculateParam@67ab8b9b
2016-11-09 22:13:43.041 INFO  cn.yunsenlin.web.base.controller.CalculateController - unitVolumeCalculateParam running list:cn.yunsenlin.web.base.dto.calculate.UnitVolumeCalculateParam@32bd7a0d
2016-11-09 22:13:43.418 INFO  cn.yunsenlin.web.base.controller.CalculateController - unitVolumeCalculateParam running list:cn.yunsenlin.web.base.dto.calculate.UnitVolumeCalculateParam@75f44d47
2016-11-09 22:13:43.814 INFO  cn.yunsenlin.web.base.controller.CalculateController - unitVolumeCalculateParam running list:cn.yunsenlin.web.base.dto.calculate.UnitVolumeCalculateParam@b9e4f30
2016-11-09 22:13:44.208 INFO  cn.yunsenlin.web.base.controller.CalculateController - unitVolumeCalculateParam running list:cn.yunsenlin.web.base.dto.calculate.UnitVolumeCalculateParam@9c44c9e
2016-11-09 22:13:44.588 INFO  cn.yunsenlin.web.base.controller.CalculateController - unitVolumeCalculateParam running list:cn.yunsenlin.web.base.dto.calculate.UnitVolumeCalculateParam@51be7a41
2016-11-09 22:13:44.991 INFO  cn.yunsenlin.web.base.controller.CalculateController - unitVolumeCalculateParam running list:cn.yunsenlin.web.base.dto.calculate.UnitVolumeCalculateParam@3e119b6d
2016-11-09 22:13:45.397 INFO  cn.yunsenlin.web.base.controller.CalculateController - unitVolumeCalculateParam running list:cn.yunsenlin.web.base.dto.calculate.UnitVolumeCalculateParam@1a563d5d
2016-11-09 22:13:45.790 INFO  cn.yunsenlin.web.base.controller.CalculateController - unitVolumeCalculateParam running list:cn.yunsenlin.web.base.dto.calculate.UnitVolumeCalculateParam@5abaf71e
2016-11-09 22:13:46.169 INFO  cn.yunsenlin.web.base.controller.CalculateController - unitVolumeCalculateParam running list:cn.yunsenlin.web.base.dto.calculate.UnitVolumeCalculateParam@29397994
2016-11-09 22:13:46.585 INFO  cn.yunsenlin.web.base.controller.CalculateController - unitVolumeCalculateParam running list:cn.yunsenlin.web.base.dto.calculate.UnitVolumeCalculateParam@643cc159
2016-11-09 22:13:47.027 INFO  cn.yunsenlin.web.base.controller.CalculateController - unitVolumeCalculateParam running list:cn.yunsenlin.web.base.dto.calculate.UnitVolumeCalculateParam@49338b85
2016-11-09 22:13:47.436 INFO  cn.yunsenlin.web.base.controller.CalculateController - unitVolumeCalculateParam running list:cn.yunsenlin.web.base.dto.calculate.UnitVolumeCalculateParam@45a90783
2016-11-09 22:13:47.979 INFO  cn.yunsenlin.web.base.controller.CalculateController - unitVolumeCalculateParam running list:cn.yunsenlin.web.base.dto.calculate.UnitVolumeCalculateParam@2e7b41a1
2016-11-09 22:13:48.444 INFO  cn.yunsenlin.web.base.controller.CalculateController - unitVolumeCalculateParam running list:cn.yunsenlin.web.base.dto.calculate.UnitVolumeCalculateParam@61c34961
2016-11-09 22:13:48.846 INFO  cn.yunsenlin.web.base.controller.CalculateController - unitVolumeCalculateParam running list:cn.yunsenlin.web.base.dto.calculate.UnitVolumeCalculateParam@60d9e8d5
2016-11-09 22:13:49.224 INFO  cn.yunsenlin.web.base.controller.CalculateController - unitVolumeCalculateParam running list:cn.yunsenlin.web.base.dto.calculate.UnitVolumeCalculateParam@15133b16
2016-11-09 22:13:49.653 INFO  cn.yunsenlin.web.base.controller.CalculateController - unitVolumeCalculateParam running list:cn.yunsenlin.web.base.dto.calculate.UnitVolumeCalculateParam@7d5d096
2016-11-09 22:13:50.015 INFO  cn.yunsenlin.web.base.controller.CalculateController - unitVolumeCalculateParam running list:cn.yunsenlin.web.base.dto.calculate.UnitVolumeCalculateParam@73dd83e7
2016-11-09 22:13:50.423 INFO  cn.yunsenlin.web.base.controller.CalculateController - unitVolumeCalculateParam running list:cn.yunsenlin.web.base.dto.calculate.UnitVolumeCalculateParam@5b290be7
2016-11-09 22:13:50.814 INFO  cn.yunsenlin.web.base.controller.CalculateController - unitVolumeCalculateParam running list:cn.yunsenlin.web.base.dto.calculate.UnitVolumeCalculateParam@62ccc36e
2016-11-09 22:13:51.206 INFO  cn.yunsenlin.web.base.controller.CalculateController - unitVolumeCalculateParam running list:cn.yunsenlin.web.base.dto.calculate.UnitVolumeCalculateParam@1b4b5425
2016-11-09 22:13:51.596 INFO  cn.yunsenlin.web.base.controller.CalculateController - unitVolumeCalculateParam running list:cn.yunsenlin.web.base.dto.calculate.UnitVolumeCalculateParam@7ddff0c
2016-11-09 22:13:52.034 INFO  cn.yunsenlin.web.base.controller.CalculateController - unitVolumeCalculateParam running list:cn.yunsenlin.web.base.dto.calculate.UnitVolumeCalculateParam@3ec8ecb4
2016-11-09 22:13:52.403 INFO  cn.yunsenlin.web.base.controller.CalculateController - unitVolumeCalculateParam running list:cn.yunsenlin.web.base.dto.calculate.UnitVolumeCalculateParam@4d1b9c7e
2016-11-09 22:13:52.809 INFO  cn.yunsenlin.web.base.controller.CalculateController - unitVolumeCalculateParam running list:cn.yunsenlin.web.base.dto.calculate.UnitVolumeCalculateParam@5591144
2016-11-09 22:13:53.201 INFO  cn.yunsenlin.web.base.controller.CalculateController - unitVolumeCalculateParam running list:cn.yunsenlin.web.base.dto.calculate.UnitVolumeCalculateParam@406679d1
2016-11-09 22:13:53.631 INFO  cn.yunsenlin.web.base.controller.CalculateController - unitVolumeCalculateParam running list:cn.yunsenlin.web.base.dto.calculate.UnitVolumeCalculateParam@2b85cdf8
2016-11-09 22:13:54.263 INFO  cn.yunsenlin.web.base.controller.CalculateController - unitVolumeCalculateParam running list:cn.yunsenlin.web.base.dto.calculate.UnitVolumeCalculateParam@57405950
2016-11-09 22:13:54.723 INFO  cn.yunsenlin.web.base.controller.CalculateController - unitVolumeCalculateParam running list:cn.yunsenlin.web.base.dto.calculate.UnitVolumeCalculateParam@1452e8a
2016-11-09 22:13:55.125 INFO  cn.yunsenlin.web.base.controller.CalculateController - unitVolumeCalculateParam running list:cn.yunsenlin.web.base.dto.calculate.UnitVolumeCalculateParam@4d9639c9
2016-11-09 22:13:55.523 INFO  cn.yunsenlin.web.base.controller.CalculateController - unitVolumeCalculateParam running list:cn.yunsenlin.web.base.dto.calculate.UnitVolumeCalculateParam@398ddef5
2016-11-09 22:13:55.909 INFO  cn.yunsenlin.web.base.controller.CalculateController - unitVolumeCalculateParam running list:cn.yunsenlin.web.base.dto.calculate.UnitVolumeCalculateParam@45733de4
2016-11-09 22:13:56.330 INFO  cn.yunsenlin.web.base.controller.CalculateController - unitVolumeCalculateParam running list:cn.yunsenlin.web.base.dto.calculate.UnitVolumeCalculateParam@62e958c
2016-11-09 22:13:56.771 INFO  cn.yunsenlin.web.base.controller.CalculateController - unitVolumeCalculateParam running list:cn.yunsenlin.web.base.dto.calculate.UnitVolumeCalculateParam@db9d6a0
2016-11-09 22:13:57.173 INFO  cn.yunsenlin.web.base.controller.CalculateController - unitVolumeCalculateParam running list:cn.yunsenlin.web.base.dto.calculate.UnitVolumeCalculateParam@4cac2f21
2016-11-09 22:13:57.552 INFO  cn.yunsenlin.web.base.controller.CalculateController - unitVolumeCalculateParam running list:cn.yunsenlin.web.base.dto.calculate.UnitVolumeCalculateParam@1fbb075e
2016-11-09 22:13:58.040 INFO  cn.yunsenlin.web.base.controller.CalculateController - unitVolumeCalculateParam running list:cn.yunsenlin.web.base.dto.calculate.UnitVolumeCalculateParam@1554a39d
2016-11-09 22:13:58.497 INFO  cn.yunsenlin.web.base.controller.CalculateController - unitVolumeCalculateParam running list:cn.yunsenlin.web.base.dto.calculate.UnitVolumeCalculateParam@6950be8
2016-11-09 22:13:58.907 INFO  cn.yunsenlin.web.base.controller.CalculateController - unitVolumeCalculateParam running list:cn.yunsenlin.web.base.dto.calculate.UnitVolumeCalculateParam@56f12b94
2016-11-09 22:13:59.355 INFO  cn.yunsenlin.web.base.controller.CalculateController - unitVolumeCalculateParam running list:cn.yunsenlin.web.base.dto.calculate.UnitVolumeCalculateParam@4e90d6a4
2016-11-09 22:13:59.778 INFO  cn.yunsenlin.web.base.controller.CalculateController - unitVolumeCalculateParam running list:cn.yunsenlin.web.base.dto.calculate.UnitVolumeCalculateParam@1ec2c945
2016-11-09 22:14:00.196 INFO  cn.yunsenlin.web.base.controller.CalculateController - unitVolumeCalculateParam running list:cn.yunsenlin.web.base.dto.calculate.UnitVolumeCalculateParam@7ef3a0fa
2016-11-09 22:14:00.653 INFO  cn.yunsenlin.web.base.controller.CalculateController - unitVolumeCalculateParam running list:cn.yunsenlin.web.base.dto.calculate.UnitVolumeCalculateParam@903abf2
2016-11-09 22:14:01.123 INFO  cn.yunsenlin.web.base.controller.CalculateController - unitVolumeCalculateParam running list:cn.yunsenlin.web.base.dto.calculate.UnitVolumeCalculateParam@668f8173
2016-11-09 22:14:01.515 INFO  cn.yunsenlin.web.base.controller.CalculateController - unitVolumeCalculateParam running list:cn.yunsenlin.web.base.dto.calculate.UnitVolumeCalculateParam@673f49de
2016-11-09 22:14:01.965 INFO  cn.yunsenlin.web.base.controller.CalculateController - unitVolumeCalculateParam running list:cn.yunsenlin.web.base.dto.calculate.UnitVolumeCalculateParam@77d7fbd6
2016-11-09 22:14:02.425 INFO  cn.yunsenlin.web.base.controller.CalculateController - unitVolumeCalculateParam running list:cn.yunsenlin.web.base.dto.calculate.UnitVolumeCalculateParam@2c0fd14d
2016-11-09 22:14:02.823 INFO  cn.yunsenlin.web.base.controller.CalculateController - unitVolumeCalculateParam running list:cn.yunsenlin.web.base.dto.calculate.UnitVolumeCalculateParam@2d78df35
2016-11-09 22:14:03.260 INFO  cn.yunsenlin.web.base.controller.CalculateController - unitVolumeCalculateParam running list:cn.yunsenlin.web.base.dto.calculate.UnitVolumeCalculateParam@3580f19e
2016-11-09 22:14:03.638 INFO  cn.yunsenlin.web.base.controller.CalculateController - unitVolumeCalculateParam running list:cn.yunsenlin.web.base.dto.calculate.UnitVolumeCalculateParam@1b5b1827
2016-11-09 22:14:04.043 INFO  cn.yunsenlin.web.base.controller.CalculateController - unitVolumeCalculateParam running list:cn.yunsenlin.web.base.dto.calculate.UnitVolumeCalculateParam@418291b
2016-11-09 22:14:04.505 INFO  cn.yunsenlin.web.base.controller.CalculateController - unitVolumeCalculateParam running list:cn.yunsenlin.web.base.dto.calculate.UnitVolumeCalculateParam@1001661c
