2016-11-07 22:37:03.348 DEBUG org.apache.ibatis.logging.LogFactory - Logging initialized using 'class org.apache.ibatis.logging.slf4j.Slf4jImpl' adapter.
2016-11-07 22:37:03.428 DEBUG org.mybatis.spring.SqlSessionFactoryBean - Parsed configuration file: 'class path resource [config/mybatis-config.xml]'
2016-11-07 22:37:03.520 DEBUG org.mybatis.spring.SqlSessionFactoryBean - Parsed mapper file: 'file [D:\IntelliJ\YunSenLin\target\classes\mapper\UserMapper.xml]'
2016-11-07 22:37:03.534 DEBUG org.mybatis.spring.SqlSessionFactoryBean - Parsed mapper file: 'file [D:\IntelliJ\YunSenLin\target\classes\mapper\WoodTypeMapper.xml]'
2016-11-07 22:37:04.230 DEBUG org.mybatis.spring.SqlSessionFactoryBean - Parsed configuration file: 'class path resource [config/mybatis-config.xml]'
2016-11-07 22:37:04.244 DEBUG org.mybatis.spring.SqlSessionFactoryBean - Parsed mapper file: 'file [D:\IntelliJ\YunSenLin\target\classes\mapper\UserMapper.xml]'
2016-11-07 22:37:04.257 DEBUG org.mybatis.spring.SqlSessionFactoryBean - Parsed mapper file: 'file [D:\IntelliJ\YunSenLin\target\classes\mapper\WoodTypeMapper.xml]'
2016-11-07 22:37:04.424 DEBUG org.mybatis.spring.SqlSessionUtils - Creating a new SqlSession
2016-11-07 22:37:04.429 DEBUG org.mybatis.spring.SqlSessionUtils - SqlSession [org.apache.ibatis.session.defaults.DefaultSqlSession@3d6300e8] was not registered for synchronization because synchronization is not active
2016-11-07 22:37:04.444 DEBUG org.mybatis.spring.transaction.SpringManagedTransaction - JDBC Connection [com.mysql.jdbc.JDBC4Connection@3670f00] will not be managed by Spring
2016-11-07 22:37:04.449 DEBUG cn.yunsenlin.web.base.dao.WoodTypeMapper.selectByPrimaryKey - ==>  Preparing: select type_code, name, belongs from wood_type where type_code = ? 
2016-11-07 22:37:04.479 DEBUG cn.yunsenlin.web.base.dao.WoodTypeMapper.selectByPrimaryKey - ==> Parameters: 100001(String)
2016-11-07 22:37:04.523 DEBUG cn.yunsenlin.web.base.dao.WoodTypeMapper.selectByPrimaryKey - <==      Total: 1
2016-11-07 22:37:04.523 DEBUG org.mybatis.spring.SqlSessionUtils - Closing non transactional SqlSession [org.apache.ibatis.session.defaults.DefaultSqlSession@3d6300e8]
2016-11-07 22:37:04.731 DEBUG org.mybatis.spring.SqlSessionFactoryBean - Parsed configuration file: 'class path resource [config/mybatis-config.xml]'
2016-11-07 22:37:04.744 DEBUG org.mybatis.spring.SqlSessionFactoryBean - Parsed mapper file: 'file [D:\IntelliJ\YunSenLin\target\classes\mapper\UserMapper.xml]'
2016-11-07 22:37:04.753 DEBUG org.mybatis.spring.SqlSessionFactoryBean - Parsed mapper file: 'file [D:\IntelliJ\YunSenLin\target\classes\mapper\WoodTypeMapper.xml]'
2016-11-07 22:37:05.149 DEBUG org.mybatis.spring.SqlSessionFactoryBean - Parsed configuration file: 'class path resource [config/mybatis-config.xml]'
2016-11-07 22:37:05.156 DEBUG org.mybatis.spring.SqlSessionFactoryBean - Parsed mapper file: 'file [D:\IntelliJ\YunSenLin\target\classes\mapper\UserMapper.xml]'
2016-11-07 22:37:05.162 DEBUG org.mybatis.spring.SqlSessionFactoryBean - Parsed mapper file: 'file [D:\IntelliJ\YunSenLin\target\classes\mapper\WoodTypeMapper.xml]'
2016-11-07 22:37:05.410 DEBUG org.mybatis.spring.SqlSessionFactoryBean - Parsed configuration file: 'class path resource [config/mybatis-config.xml]'
2016-11-07 22:37:05.421 DEBUG org.mybatis.spring.SqlSessionFactoryBean - Parsed mapper file: 'file [D:\IntelliJ\YunSenLin\target\classes\mapper\UserMapper.xml]'
2016-11-07 22:37:05.430 DEBUG org.mybatis.spring.SqlSessionFactoryBean - Parsed mapper file: 'file [D:\IntelliJ\YunSenLin\target\classes\mapper\WoodTypeMapper.xml]'
2016-11-07 22:49:57.219 DEBUG org.apache.ibatis.logging.LogFactory - Logging initialized using 'class org.apache.ibatis.logging.slf4j.Slf4jImpl' adapter.
2016-11-07 22:49:57.288 DEBUG org.mybatis.spring.SqlSessionFactoryBean - Parsed configuration file: 'class path resource [config/mybatis-config.xml]'
2016-11-07 22:49:57.371 DEBUG org.mybatis.spring.SqlSessionFactoryBean - Parsed mapper file: 'file [D:\IntelliJ\YunSenLin\target\classes\mapper\UserMapper.xml]'
2016-11-07 22:49:57.381 DEBUG org.mybatis.spring.SqlSessionFactoryBean - Parsed mapper file: 'file [D:\IntelliJ\YunSenLin\target\classes\mapper\WoodTypeMapper.xml]'
2016-11-07 22:49:58.206 DEBUG org.mybatis.spring.SqlSessionFactoryBean - Parsed configuration file: 'class path resource [config/mybatis-config.xml]'
2016-11-07 22:49:58.218 DEBUG org.mybatis.spring.SqlSessionFactoryBean - Parsed mapper file: 'file [D:\IntelliJ\YunSenLin\target\classes\mapper\UserMapper.xml]'
2016-11-07 22:49:58.228 DEBUG org.mybatis.spring.SqlSessionFactoryBean - Parsed mapper file: 'file [D:\IntelliJ\YunSenLin\target\classes\mapper\WoodTypeMapper.xml]'
2016-11-07 22:49:58.367 DEBUG org.mybatis.spring.SqlSessionUtils - Creating a new SqlSession
2016-11-07 22:49:58.371 DEBUG org.mybatis.spring.SqlSessionUtils - SqlSession [org.apache.ibatis.session.defaults.DefaultSqlSession@3d6300e8] was not registered for synchronization because synchronization is not active
2016-11-07 22:49:58.380 DEBUG org.mybatis.spring.transaction.SpringManagedTransaction - JDBC Connection [com.mysql.jdbc.JDBC4Connection@3670f00] will not be managed by Spring
2016-11-07 22:49:58.384 DEBUG cn.yunsenlin.web.base.dao.WoodTypeMapper.selectByPrimaryKey - ==>  Preparing: select type_code, name, belongs from wood_type where type_code = ? 
2016-11-07 22:49:58.417 DEBUG cn.yunsenlin.web.base.dao.WoodTypeMapper.selectByPrimaryKey - ==> Parameters: 100001(String)
2016-11-07 22:49:58.458 DEBUG cn.yunsenlin.web.base.dao.WoodTypeMapper.selectByPrimaryKey - <==      Total: 1
2016-11-07 22:49:58.459 DEBUG org.mybatis.spring.SqlSessionUtils - Closing non transactional SqlSession [org.apache.ibatis.session.defaults.DefaultSqlSession@3d6300e8]
2016-11-07 22:49:58.710 DEBUG org.mybatis.spring.SqlSessionFactoryBean - Parsed configuration file: 'class path resource [config/mybatis-config.xml]'
2016-11-07 22:49:58.722 DEBUG org.mybatis.spring.SqlSessionFactoryBean - Parsed mapper file: 'file [D:\IntelliJ\YunSenLin\target\classes\mapper\UserMapper.xml]'
2016-11-07 22:49:58.734 DEBUG org.mybatis.spring.SqlSessionFactoryBean - Parsed mapper file: 'file [D:\IntelliJ\YunSenLin\target\classes\mapper\WoodTypeMapper.xml]'
2016-11-07 22:49:59.112 DEBUG org.mybatis.spring.SqlSessionFactoryBean - Parsed configuration file: 'class path resource [config/mybatis-config.xml]'
2016-11-07 22:49:59.121 DEBUG org.mybatis.spring.SqlSessionFactoryBean - Parsed mapper file: 'file [D:\IntelliJ\YunSenLin\target\classes\mapper\UserMapper.xml]'
2016-11-07 22:49:59.131 DEBUG org.mybatis.spring.SqlSessionFactoryBean - Parsed mapper file: 'file [D:\IntelliJ\YunSenLin\target\classes\mapper\WoodTypeMapper.xml]'
2016-11-07 22:49:59.527 DEBUG org.mybatis.spring.SqlSessionFactoryBean - Parsed configuration file: 'class path resource [config/mybatis-config.xml]'
2016-11-07 22:49:59.534 DEBUG org.mybatis.spring.SqlSessionFactoryBean - Parsed mapper file: 'file [D:\IntelliJ\YunSenLin\target\classes\mapper\UserMapper.xml]'
2016-11-07 22:49:59.540 DEBUG org.mybatis.spring.SqlSessionFactoryBean - Parsed mapper file: 'file [D:\IntelliJ\YunSenLin\target\classes\mapper\WoodTypeMapper.xml]'
2016-11-07 22:50:04.434 DEBUG org.apache.ibatis.logging.LogFactory - Logging initialized using 'class org.apache.ibatis.logging.slf4j.Slf4jImpl' adapter.
2016-11-07 22:50:04.888 DEBUG org.mybatis.spring.SqlSessionFactoryBean - Parsed configuration file: 'class path resource [config/mybatis-config.xml]'
2016-11-07 22:50:04.943 DEBUG org.mybatis.spring.SqlSessionFactoryBean - Parsed mapper file: 'file [D:\IntelliJ\YunSenLin\target\classes\mapper\UserMapper.xml]'
2016-11-07 22:50:04.952 DEBUG org.mybatis.spring.SqlSessionFactoryBean - Parsed mapper file: 'file [D:\IntelliJ\YunSenLin\target\classes\mapper\WoodTypeMapper.xml]'
2016-11-07 22:54:42.626 DEBUG org.apache.ibatis.logging.LogFactory - Logging initialized using 'class org.apache.ibatis.logging.slf4j.Slf4jImpl' adapter.
2016-11-07 22:54:42.699 DEBUG org.mybatis.spring.SqlSessionFactoryBean - Parsed configuration file: 'class path resource [config/mybatis-config.xml]'
2016-11-07 22:54:42.785 DEBUG org.mybatis.spring.SqlSessionFactoryBean - Parsed mapper file: 'file [D:\IntelliJ\YunSenLin\target\classes\mapper\UserMapper.xml]'
2016-11-07 22:54:42.795 DEBUG org.mybatis.spring.SqlSessionFactoryBean - Parsed mapper file: 'file [D:\IntelliJ\YunSenLin\target\classes\mapper\WoodTypeMapper.xml]'
2016-11-07 22:54:43.531 DEBUG org.mybatis.spring.SqlSessionFactoryBean - Parsed configuration file: 'class path resource [config/mybatis-config.xml]'
2016-11-07 22:54:43.544 DEBUG org.mybatis.spring.SqlSessionFactoryBean - Parsed mapper file: 'file [D:\IntelliJ\YunSenLin\target\classes\mapper\UserMapper.xml]'
2016-11-07 22:54:43.554 DEBUG org.mybatis.spring.SqlSessionFactoryBean - Parsed mapper file: 'file [D:\IntelliJ\YunSenLin\target\classes\mapper\WoodTypeMapper.xml]'
